This file contains any messages produced by compilers while
running configure, to aid debugging if configure makes a mistake.

It was created by configure, which was
generated by GNU Autoconf 2.57.  Invocation command line was

  $ ./configure --host=x86_64-QNAP-linux-gnu

## --------- ##
## Platform. ##
## --------- ##

hostname = U16BuildServer115
uname -m = x86_64
uname -r = 4.4.0-21-generic
uname -s = Linux
uname -v = #37-Ubuntu SMP Mon Apr 18 18:33:37 UTC 2016

/usr/bin/uname -p = unknown
/bin/uname -X     = unknown

/bin/arch              = unknown
/usr/bin/arch -k       = unknown
/usr/convex/getsysinfo = unknown
hostinfo               = unknown
/bin/machine           = unknown
/usr/bin/oslevel       = unknown
/bin/universe          = unknown

PATH: /root/CT/x86_64-QNAP-linux-gnu/cross-tools/bin
PATH: /root/CT/x86_64-QNAP-linux-gnu/cross-tools/bin
PATH: /usr/local/sbin
PATH: /usr/local/bin
PATH: /usr/sbin
PATH: /usr/bin
PATH: /sbin
PATH: /bin


## ----------- ##
## Core tests. ##
## ----------- ##

configure:1288: checking for screen
configure:1306: found /usr/bin/screen
configure:1318: result: /usr/bin/screen
configure:1432: checking for x86_64-QNAP-linux-gnu-gcc
configure:1458: result: x86_64-QNAP-linux-gnu-gcc
configure:1740: checking for C compiler version
configure:1743: x86_64-QNAP-linux-gnu-gcc --version </dev/null >&5
x86_64-QNAP-linux-gnu-gcc (toolchain config: [gcc-4.9.2 binutils-2.25 glibc-2.21]) 4.9.2
Copyright (C) 2014 Free Software Foundation, Inc.
This is free software; see the source for copying conditions.  There is NO
warranty; not even for MERCHANTABILITY or FITNESS FOR A PARTICULAR PURPOSE.

configure:1746: $? = 0
configure:1748: x86_64-QNAP-linux-gnu-gcc -v </dev/null >&5
Using built-in specs.
COLLECT_GCC=x86_64-QNAP-linux-gnu-gcc
COLLECT_LTO_WRAPPER=/root/CT/x86_64-QNAP-linux-gnu/cross-tools/bin/../libexec/gcc/x86_64-QNAP-linux-gnu/4.9.2/lto-wrapper
Target: x86_64-QNAP-linux-gnu
Configured with: ../gcc-4.9.2/configure --with-pkgversion='toolchain config: [gcc-4.9.2 binutils-2.25 glibc-2.21]' --prefix=/root/toolchain/docker_deploy/dockerfile/CT_auto_build/CT/x86_64-QNAP-linux-gnu/cross-tools --with-sysroot=/root/toolchain/docker_deploy/dockerfile/CT_auto_build/CT/x86_64-QNAP-linux-gnu/cross-tools/../fs --enable-tls --disable-nls --enable-languages=c,c++ --enable-c99 --enable-__cxa_atexit --enable-shared --enable-long-long --disable-multilib --enable-threads=posix --disable-libgomp --enable-checking=release --build=x86_64-linux-gnu --host=x86_64-linux-gnu --target=x86_64-QNAP-linux-gnu gcc_cv_libc_provides_ssp=yes
Thread model: posix
gcc version 4.9.2 (toolchain config: [gcc-4.9.2 binutils-2.25 glibc-2.21]) 
configure:1751: $? = 0
configure:1753: x86_64-QNAP-linux-gnu-gcc -V </dev/null >&5
x86_64-QNAP-linux-gnu-gcc: error: unrecognized command line option '-V'
x86_64-QNAP-linux-gnu-gcc: fatal error: no input files
compilation terminated.
configure:1756: $? = 1
configure:1780: checking for C compiler default output
configure:1783: x86_64-QNAP-linux-gnu-gcc -I/root/daily_build/64_01/4.4.1/LinkFS/include -I/root/daily_build/64_01/4.4.1/LinkFS/usr/include  -L/root/daily_build/64_01/4.4.1/LinkFS/lib -L/root/daily_build/64_01/4.4.1/LinkFS/usr/lib conftest.c  >&5
configure:1786: $? = 0
configure:1832: result: a.out
configure:1837: checking whether the C compiler works
configure:1843: ./a.out
configure:1846: $? = 0
configure:1863: result: yes
configure:1870: checking whether we are cross compiling
configure:1872: result: no
configure:1875: checking for suffix of executables
configure:1877: x86_64-QNAP-linux-gnu-gcc -o conftest -I/root/daily_build/64_01/4.4.1/LinkFS/include -I/root/daily_build/64_01/4.4.1/LinkFS/usr/include  -L/root/daily_build/64_01/4.4.1/LinkFS/lib -L/root/daily_build/64_01/4.4.1/LinkFS/usr/lib conftest.c  >&5
configure:1880: $? = 0
configure:1905: result: 
configure:1911: checking for suffix of object files
configure:1933: x86_64-QNAP-linux-gnu-gcc -c -I/root/daily_build/64_01/4.4.1/LinkFS/include -I/root/daily_build/64_01/4.4.1/LinkFS/usr/include  conftest.c >&5
configure:1936: $? = 0
configure:1958: result: o
configure:1962: checking whether we are using the GNU C compiler
configure:1987: x86_64-QNAP-linux-gnu-gcc -c -I/root/daily_build/64_01/4.4.1/LinkFS/include -I/root/daily_build/64_01/4.4.1/LinkFS/usr/include  conftest.c >&5
configure:1990: $? = 0
configure:1993: test -s conftest.o
configure:1996: $? = 0
configure:2009: result: yes
configure:2015: checking whether x86_64-QNAP-linux-gnu-gcc accepts -g
configure:2037: x86_64-QNAP-linux-gnu-gcc -c -g  conftest.c >&5
configure:2040: $? = 0
configure:2043: test -s conftest.o
configure:2046: $? = 0
configure:2057: result: yes
configure:2074: checking for x86_64-QNAP-linux-gnu-gcc option to accept ANSI C
configure:2135: x86_64-QNAP-linux-gnu-gcc  -c -I/root/daily_build/64_01/4.4.1/LinkFS/include -I/root/daily_build/64_01/4.4.1/LinkFS/usr/include  conftest.c >&5
configure:2138: $? = 0
configure:2141: test -s conftest.o
configure:2144: $? = 0
configure:2162: result: none needed
configure:2180: x86_64-QNAP-linux-gnu-gcc -c -I/root/daily_build/64_01/4.4.1/LinkFS/include -I/root/daily_build/64_01/4.4.1/LinkFS/usr/include  conftest.c >&5
conftest.c:2:3: error: unknown type name 'choke'
   choke me
   ^
conftest.c:2:3: error: expected '=', ',', ';', 'asm' or '__attribute__' at end of input
configure:2183: $? = 1
configure: failed program was:
| #ifndef __cplusplus
|   choke me
| #endif
configure:2297: checking how to run the C preprocessor
configure:2333: x86_64-QNAP-linux-gnu-gcc -E  conftest.c
configure:2339: $? = 0
configure:2371: x86_64-QNAP-linux-gnu-gcc -E  conftest.c
configure:2370:28: fatal error: ac_nonexistent.h: No such file or directory
 _ACEOF
                            ^
compilation terminated.
configure:2377: $? = 1
configure: failed program was:
| #line 2362 "configure"
| /* confdefs.h.  */
| 
| #define PACKAGE_NAME ""
| #define PACKAGE_TARNAME ""
| #define PACKAGE_VERSION ""
| #define PACKAGE_STRING ""
| #define PACKAGE_BUGREPORT ""
| /* end confdefs.h.  */
| #include <ac_nonexistent.h>
configure:2415: result: x86_64-QNAP-linux-gnu-gcc -E
configure:2440: x86_64-QNAP-linux-gnu-gcc -E  conftest.c
configure:2446: $? = 0
configure:2478: x86_64-QNAP-linux-gnu-gcc -E  conftest.c
configure:2477:28: fatal error: ac_nonexistent.h: No such file or directory
 _ACEOF
                            ^
compilation terminated.
configure:2484: $? = 1
configure: failed program was:
| #line 2469 "configure"
| /* confdefs.h.  */
| 
| #define PACKAGE_NAME ""
| #define PACKAGE_TARNAME ""
| #define PACKAGE_VERSION ""
| #define PACKAGE_STRING ""
| #define PACKAGE_BUGREPORT ""
| /* end confdefs.h.  */
| #include <ac_nonexistent.h>
configure:2528: checking for egrep
configure:2538: result: grep -E
configure:2544: checking whether x86_64-QNAP-linux-gnu-gcc needs -traditional
configure:2588: result: no
configure:2595: checking for library containing strerror
configure:2626: x86_64-QNAP-linux-gnu-gcc -o conftest -I/root/daily_build/64_01/4.4.1/LinkFS/include -I/root/daily_build/64_01/4.4.1/LinkFS/usr/include  -L/root/daily_build/64_01/4.4.1/LinkFS/lib -L/root/daily_build/64_01/4.4.1/LinkFS/usr/lib conftest.c  >&5
configure:2629: $? = 0
configure:2632: test -s conftest
configure:2635: $? = 0
configure:2694: result: none required
configure:2719: x86_64-QNAP-linux-gnu-gcc -o conftest -I/root/daily_build/64_01/4.4.1/LinkFS/include -I/root/daily_build/64_01/4.4.1/LinkFS/usr/include  -L/root/daily_build/64_01/4.4.1/LinkFS/lib -L/root/daily_build/64_01/4.4.1/LinkFS/usr/lib conftest.c  >&5
configure: In function 'main':
configure:2717:8: warning: incompatible implicit declaration of built-in function 'exit'
 _ACEOF
        ^
configure:2722: $? = 0
configure:2724: ./conftest
configure:2727: $? = 0
configure:2768: x86_64-QNAP-linux-gnu-gcc -o conftest -I/root/daily_build/64_01/4.4.1/LinkFS/include -I/root/daily_build/64_01/4.4.1/LinkFS/usr/include  -L/root/daily_build/64_01/4.4.1/LinkFS/lib -L/root/daily_build/64_01/4.4.1/LinkFS/usr/lib conftest.c  >&5
configure: In function 'main':
configure:2766:8: warning: incompatible implicit declaration of built-in function 'exit'
 _ACEOF
        ^
configure:2771: $? = 0
configure:2773: ./conftest
configure:2776: $? = 0
configure:2821: x86_64-QNAP-linux-gnu-gcc -o conftest -I/root/daily_build/64_01/4.4.1/LinkFS/include -I/root/daily_build/64_01/4.4.1/LinkFS/usr/include  -L/root/daily_build/64_01/4.4.1/LinkFS/lib -L/root/daily_build/64_01/4.4.1/LinkFS/usr/lib conftest.c  >&5
/tmp/ccYQisGA.o: In function `main':
conftest.c:(.text+0xf): undefined reference to `__something_strange_'
collect2: error: ld returned 1 exit status
configure:2824: $? = 1
configure: program exited with status 1
configure: failed program was:
| #line 2805 "configure"
| /* confdefs.h.  */
| 
| #define PACKAGE_NAME ""
| #define PACKAGE_TARNAME ""
| #define PACKAGE_VERSION ""
| #define PACKAGE_STRING ""
| #define PACKAGE_BUGREPORT ""
| /* end confdefs.h.  */
| 
| main()
| {
|   int __something_strange_();
|   __something_strange_(0);
| }
| 
configure:2847: checking for gawk
configure:2863: found /usr/bin/gawk
configure:2873: result: gawk
configure:2921: checking for a BSD-compatible install
configure:2975: result: /usr/bin/install -c
configure:2988: checking for buggy tools...
configure:2995: checking if a system-wide socket dir should be used
configure:3006: result: yes
configure:3008: checking for the socket dir
configure:3017: result: (eff_uid ? "/tmp/uscreens" : "/tmp/screens")
configure:3043: checking for MIPS...
configure:3173: checking for Ultrix...
configure:3240: checking for butterfly...
configure:3265: checking for POSIX.1...
configure:3294: checking for System V...
configure:3315: x86_64-QNAP-linux-gnu-gcc -c -I/root/daily_build/64_01/4.4.1/LinkFS/include -I/root/daily_build/64_01/4.4.1/LinkFS/usr/include  conftest.c >&5
configure:3318: $? = 0
configure:3321: test -s conftest.o
configure:3324: $? = 0
configure:3338: checking for sequent/ptx...
configure:3361: checking SVR4...
configure:3363: checking for ANSI C header files
configure:3389: x86_64-QNAP-linux-gnu-gcc -c -I/root/daily_build/64_01/4.4.1/LinkFS/include -I/root/daily_build/64_01/4.4.1/LinkFS/usr/include  conftest.c >&5
configure:3392: $? = 0
configure:3395: test -s conftest.o
configure:3398: $? = 0
configure:3490: x86_64-QNAP-linux-gnu-gcc -o conftest -I/root/daily_build/64_01/4.4.1/LinkFS/include -I/root/daily_build/64_01/4.4.1/LinkFS/usr/include  -L/root/daily_build/64_01/4.4.1/LinkFS/lib -L/root/daily_build/64_01/4.4.1/LinkFS/usr/lib conftest.c  -lelf >&5
configure: In function 'main':
configure:3485:7: warning: incompatible implicit declaration of built-in function 'exit'
       exit(2);
       ^
/root/CT/x86_64-QNAP-linux-gnu/cross-tools/bin/../lib/gcc/x86_64-QNAP-linux-gnu/4.9.2/../../../../x86_64-QNAP-linux-gnu/bin/ld: cannot find -lelf
collect2: error: ld returned 1 exit status
configure:3493: $? = 1
configure: program exited with status 1
configure: failed program was:
| #line 3458 "configure"
| /* confdefs.h.  */
| 
| #define PACKAGE_NAME ""
| #define PACKAGE_TARNAME ""
| #define PACKAGE_VERSION ""
| #define PACKAGE_STRING ""
| #define PACKAGE_BUGREPORT ""
| #define SOCKDIR (eff_uid ? "/tmp/uscreens" : "/tmp/screens")
| #define POSIX 1
| /* end confdefs.h.  */
| #include <ctype.h>
| #if ((' ' & 0x0FF) == 0x020)
| # define ISLOWER(c) ('a' <= (c) && (c) <= 'z')
| # define TOUPPER(c) (ISLOWER(c) ? 'A' + ((c) - 'a') : (c))
| #else
| # define ISLOWER(c)                    (('a' <= (c) && (c) <= 'i')                      || ('j' <= (c) && (c) <= 'r')                      || ('s' <= (c) && (c) <= 'z'))
| # define TOUPPER(c) (ISLOWER(c) ? ((c) | 0x40) : (c))
| #endif
| 
| #define XOR(e, f) (((e) && !(f)) || (!(e) && (f)))
| int
| main ()
| {
|   int i;
|   for (i = 0; i < 256; i++)
|     if (XOR (islower (i), ISLOWER (i))
|         || toupper (i) != TOUPPER (i))
|       exit(2);
|   exit (0);
| }
configure:3513: result: no
configure:3537: checking for sys/types.h
configure:3554: x86_64-QNAP-linux-gnu-gcc -c -I/root/daily_build/64_01/4.4.1/LinkFS/include -I/root/daily_build/64_01/4.4.1/LinkFS/usr/include  conftest.c >&5
configure:3557: $? = 0
configure:3560: test -s conftest.o
configure:3563: $? = 0
configure:3574: result: yes
configure:3537: checking for sys/stat.h
configure:3554: x86_64-QNAP-linux-gnu-gcc -c -I/root/daily_build/64_01/4.4.1/LinkFS/include -I/root/daily_build/64_01/4.4.1/LinkFS/usr/include  conftest.c >&5
configure:3557: $? = 0
configure:3560: test -s conftest.o
configure:3563: $? = 0
configure:3574: result: yes
configure:3537: checking for stdlib.h
configure:3554: x86_64-QNAP-linux-gnu-gcc -c -I/root/daily_build/64_01/4.4.1/LinkFS/include -I/root/daily_build/64_01/4.4.1/LinkFS/usr/include  conftest.c >&5
configure:3557: $? = 0
configure:3560: test -s conftest.o
configure:3563: $? = 0
configure:3574: result: yes
configure:3537: checking for string.h
configure:3554: x86_64-QNAP-linux-gnu-gcc -c -I/root/daily_build/64_01/4.4.1/LinkFS/include -I/root/daily_build/64_01/4.4.1/LinkFS/usr/include  conftest.c >&5
configure:3557: $? = 0
configure:3560: test -s conftest.o
configure:3563: $? = 0
configure:3574: result: yes
configure:3537: checking for memory.h
configure:3554: x86_64-QNAP-linux-gnu-gcc -c -I/root/daily_build/64_01/4.4.1/LinkFS/include -I/root/daily_build/64_01/4.4.1/LinkFS/usr/include  conftest.c >&5
configure:3557: $? = 0
configure:3560: test -s conftest.o
configure:3563: $? = 0
configure:3574: result: yes
configure:3537: checking for strings.h
configure:3554: x86_64-QNAP-linux-gnu-gcc -c -I/root/daily_build/64_01/4.4.1/LinkFS/include -I/root/daily_build/64_01/4.4.1/LinkFS/usr/include  conftest.c >&5
configure:3557: $? = 0
configure:3560: test -s conftest.o
configure:3563: $? = 0
configure:3574: result: yes
configure:3537: checking for inttypes.h
configure:3554: x86_64-QNAP-linux-gnu-gcc -c -I/root/daily_build/64_01/4.4.1/LinkFS/include -I/root/daily_build/64_01/4.4.1/LinkFS/usr/include  conftest.c >&5
configure:3557: $? = 0
configure:3560: test -s conftest.o
configure:3563: $? = 0
configure:3574: result: yes
configure:3537: checking for stdint.h
configure:3554: x86_64-QNAP-linux-gnu-gcc -c -I/root/daily_build/64_01/4.4.1/LinkFS/include -I/root/daily_build/64_01/4.4.1/LinkFS/usr/include  conftest.c >&5
configure:3557: $? = 0
configure:3560: test -s conftest.o
configure:3563: $? = 0
configure:3574: result: yes
configure:3537: checking for unistd.h
configure:3554: x86_64-QNAP-linux-gnu-gcc -c -I/root/daily_build/64_01/4.4.1/LinkFS/include -I/root/daily_build/64_01/4.4.1/LinkFS/usr/include  conftest.c >&5
configure:3557: $? = 0
configure:3560: test -s conftest.o
configure:3563: $? = 0
configure:3574: result: yes
configure:3604: x86_64-QNAP-linux-gnu-gcc -o conftest -I/root/daily_build/64_01/4.4.1/LinkFS/include -I/root/daily_build/64_01/4.4.1/LinkFS/usr/include  -L/root/daily_build/64_01/4.4.1/LinkFS/lib -L/root/daily_build/64_01/4.4.1/LinkFS/usr/lib conftest.c  -lelf >&5
/root/CT/x86_64-QNAP-linux-gnu/cross-tools/bin/../lib/gcc/x86_64-QNAP-linux-gnu/4.9.2/../../../../x86_64-QNAP-linux-gnu/bin/ld: cannot find -lelf
collect2: error: ld returned 1 exit status
configure:3607: $? = 1
configure: failed program was:
| #line 3586 "configure"
| /* confdefs.h.  */
| 
| #define PACKAGE_NAME ""
| #define PACKAGE_TARNAME ""
| #define PACKAGE_VERSION ""
| #define PACKAGE_STRING ""
| #define PACKAGE_BUGREPORT ""
| #define SOCKDIR (eff_uid ? "/tmp/uscreens" : "/tmp/screens")
| #define POSIX 1
| #define HAVE_SYS_TYPES_H 1
| #define HAVE_SYS_STAT_H 1
| #define HAVE_STDLIB_H 1
| #define HAVE_STRING_H 1
| #define HAVE_MEMORY_H 1
| #define HAVE_STRINGS_H 1
| #define HAVE_INTTYPES_H 1
| #define HAVE_STDINT_H 1
| #define HAVE_UNISTD_H 1
| /* end confdefs.h.  */
| #include <utmpx.h>
| 
| int
| main ()
| {
| 
|   ;
|   return 0;
| }
configure:3905: checking for Solaris 2.x...
configure:3928: checking BSD job jontrol...
configure:3960: x86_64-QNAP-linux-gnu-gcc -o conftest -I/root/daily_build/64_01/4.4.1/LinkFS/include -I/root/daily_build/64_01/4.4.1/LinkFS/usr/include  -L/root/daily_build/64_01/4.4.1/LinkFS/lib -L/root/daily_build/64_01/4.4.1/LinkFS/usr/lib conftest.c  >&5
configure:3963: $? = 0
configure:3966: test -s conftest
configure:3969: $? = 0
configure:3985: checking setreuid...
configure:4010: x86_64-QNAP-linux-gnu-gcc -o conftest -I/root/daily_build/64_01/4.4.1/LinkFS/include -I/root/daily_build/64_01/4.4.1/LinkFS/usr/include  -L/root/daily_build/64_01/4.4.1/LinkFS/lib -L/root/daily_build/64_01/4.4.1/LinkFS/usr/lib conftest.c  >&5
configure:4013: $? = 0
configure:4016: test -s conftest
configure:4019: $? = 0
configure:4031: checking seteuid...
configure:4056: x86_64-QNAP-linux-gnu-gcc -o conftest -I/root/daily_build/64_01/4.4.1/LinkFS/include -I/root/daily_build/64_01/4.4.1/LinkFS/usr/include  -L/root/daily_build/64_01/4.4.1/LinkFS/lib -L/root/daily_build/64_01/4.4.1/LinkFS/usr/lib conftest.c  >&5
/tmp/ccTQKnFx.o: In function `main':
conftest.c:(.text+0xf): undefined reference to `seteuid_is_broken'
collect2: error: ld returned 1 exit status
configure:4059: $? = 1
configure: failed program was:
| #line 4033 "configure"
| /* confdefs.h.  */
| 
| #define PACKAGE_NAME ""
| #define PACKAGE_TARNAME ""
| #define PACKAGE_VERSION ""
| #define PACKAGE_STRING ""
| #define PACKAGE_BUGREPORT ""
| #define SOCKDIR (eff_uid ? "/tmp/uscreens" : "/tmp/screens")
| #define POSIX 1
| #define HAVE_SYS_TYPES_H 1
| #define HAVE_SYS_STAT_H 1
| #define HAVE_STDLIB_H 1
| #define HAVE_STRING_H 1
| #define HAVE_MEMORY_H 1
| #define HAVE_STRINGS_H 1
| #define HAVE_INTTYPES_H 1
| #define HAVE_STDINT_H 1
| #define HAVE_UNISTD_H 1
| #define BSDJOBS 1
| #define HAVE_SETREUID 1
| /* end confdefs.h.  */
| 
| int
| main ()
| {
| 
| #if defined(linux) || defined(NeXT) || defined(_AUX_SOURCE) || defined(AUX) || defined(ultrix) || (defined(sun) && defined(SVR4)) || defined(ISC) || defined(sony_news)
| seteuid_is_broken(0);
| #else
| seteuid(0);
| #endif
| 
|   ;
|   return 0;
| }
configure:4079: checking select...
configure:4098: x86_64-QNAP-linux-gnu-gcc -o conftest -I/root/daily_build/64_01/4.4.1/LinkFS/include -I/root/daily_build/64_01/4.4.1/LinkFS/usr/include  -L/root/daily_build/64_01/4.4.1/LinkFS/lib -L/root/daily_build/64_01/4.4.1/LinkFS/usr/lib conftest.c  >&5
configure:4101: $? = 0
configure:4104: test -s conftest
configure:4107: $? = 0
configure:4159: checking fifos...
configure:4242: x86_64-QNAP-linux-gnu-gcc -o conftest -I/root/daily_build/64_01/4.4.1/LinkFS/include -I/root/daily_build/64_01/4.4.1/LinkFS/usr/include  -L/root/daily_build/64_01/4.4.1/LinkFS/lib -L/root/daily_build/64_01/4.4.1/LinkFS/usr/lib conftest.c  >&5
configure: In function 'main':
configure:4218:5: warning: incompatible implicit declaration of built-in function 'exit'
   if (fork() == 0)
     ^
configure:4245: $? = 0
configure:4247: ./conftest
configure:4250: $? = 0
configure:4268: checking for broken fifo implementation...
configure:4331: x86_64-QNAP-linux-gnu-gcc -o conftest -I/root/daily_build/64_01/4.4.1/LinkFS/include -I/root/daily_build/64_01/4.4.1/LinkFS/usr/include  -L/root/daily_build/64_01/4.4.1/LinkFS/lib -L/root/daily_build/64_01/4.4.1/LinkFS/usr/lib conftest.c  >&5
configure: In function 'main':
configure:4327:5: warning: incompatible implicit declaration of built-in function 'exit'
 }
     ^
configure:4334: $? = 0
configure:4336: ./conftest
configure:4339: $? = 0
configure:4361: checking sockets...
configure:4430: x86_64-QNAP-linux-gnu-gcc -o conftest -I/root/daily_build/64_01/4.4.1/LinkFS/include -I/root/daily_build/64_01/4.4.1/LinkFS/usr/include  -L/root/daily_build/64_01/4.4.1/LinkFS/lib -L/root/daily_build/64_01/4.4.1/LinkFS/usr/lib conftest.c  >&5
configure: In function 'main':
configure:4411:5: warning: incompatible implicit declaration of built-in function 'exit'
  kill(getppid(), 3);
     ^
configure:4430:18: warning: passing argument 2 of 'accept' from incompatible pointer type
 if { (eval echo "$as_me:$LINENO: \"$ac_link\"") >&5
                  ^
In file included from configure:4393:0:
/root/CT/x86_64-QNAP-linux-gnu/fs/include/sys/socket.h:243:12: note: expected 'struct sockaddr * __restrict__' but argument is of type 'struct sockaddr_un *'
 extern int accept (int __fd, __SOCKADDR_ARG __addr,
            ^
configure:4433: $? = 0
configure:4435: ./conftest
configure:4438: $? = 0
configure:4456: checking socket implementation...
configure:4500: x86_64-QNAP-linux-gnu-gcc -o conftest -I/root/daily_build/64_01/4.4.1/LinkFS/include -I/root/daily_build/64_01/4.4.1/LinkFS/usr/include  -L/root/daily_build/64_01/4.4.1/LinkFS/lib -L/root/daily_build/64_01/4.4.1/LinkFS/usr/lib conftest.c  >&5
configure: In function 'main':
configure:4500:5: warning: incompatible implicit declaration of built-in function 'exit'
 if { (eval echo "$as_me:$LINENO: \"$ac_link\"") >&5
     ^
configure:4503: $? = 0
configure:4505: ./conftest
configure:4508: $? = 0
configure:4569: checking select return value...
configure:4686: x86_64-QNAP-linux-gnu-gcc -o conftest -I/root/daily_build/64_01/4.4.1/LinkFS/include -I/root/daily_build/64_01/4.4.1/LinkFS/usr/include  -L/root/daily_build/64_01/4.4.1/LinkFS/lib -L/root/daily_build/64_01/4.4.1/LinkFS/usr/lib conftest.c  >&5
configure: In function 'main':
configure:4638:5: warning: incompatible implicit declaration of built-in function 'exit'
   int s1, s2, l;
     ^
configure:4689: $? = 0
configure:4691: ./conftest
configure:4694: $? = 0
configure:4713: checking for tgetent...
configure:4732: x86_64-QNAP-linux-gnu-gcc -o conftest -I/root/daily_build/64_01/4.4.1/LinkFS/include -I/root/daily_build/64_01/4.4.1/LinkFS/usr/include  -L/root/daily_build/64_01/4.4.1/LinkFS/lib -L/root/daily_build/64_01/4.4.1/LinkFS/usr/lib conftest.c  >&5
/tmp/ccLSRlcW.o: In function `main':
conftest.c:(.text+0x14): undefined reference to `tgetent'
collect2: error: ld returned 1 exit status
configure:4735: $? = 1
configure: failed program was:
| #line 4715 "configure"
| /* confdefs.h.  */
| 
| #define PACKAGE_NAME ""
| #define PACKAGE_TARNAME ""
| #define PACKAGE_VERSION ""
| #define PACKAGE_STRING ""
| #define PACKAGE_BUGREPORT ""
| #define SOCKDIR (eff_uid ? "/tmp/uscreens" : "/tmp/screens")
| #define POSIX 1
| #define HAVE_SYS_TYPES_H 1
| #define HAVE_SYS_STAT_H 1
| #define HAVE_STDLIB_H 1
| #define HAVE_STRING_H 1
| #define HAVE_MEMORY_H 1
| #define HAVE_STRINGS_H 1
| #define HAVE_INTTYPES_H 1
| #define HAVE_STDINT_H 1
| #define HAVE_UNISTD_H 1
| #define BSDJOBS 1
| #define HAVE_SETREUID 1
| #define NAMEDPIPE 1
| /* end confdefs.h.  */
| 
| int
| main ()
| {
| tgetent((char *)0, (char *)0);
|   ;
|   return 0;
| }
configure:4750: checking libcurses...
configure:4775: x86_64-QNAP-linux-gnu-gcc -o conftest -I/root/daily_build/64_01/4.4.1/LinkFS/include -I/root/daily_build/64_01/4.4.1/LinkFS/usr/include  -L/root/daily_build/64_01/4.4.1/LinkFS/lib -L/root/daily_build/64_01/4.4.1/LinkFS/usr/lib conftest.c -lcurses  >&5
/root/CT/x86_64-QNAP-linux-gnu/cross-tools/bin/../lib/gcc/x86_64-QNAP-linux-gnu/4.9.2/../../../../x86_64-QNAP-linux-gnu/bin/ld: cannot find -lcurses
collect2: error: ld returned 1 exit status
configure:4778: $? = 1
configure: failed program was:
| #line 4752 "configure"
| /* confdefs.h.  */
| 
| #define PACKAGE_NAME ""
| #define PACKAGE_TARNAME ""
| #define PACKAGE_VERSION ""
| #define PACKAGE_STRING ""
| #define PACKAGE_BUGREPORT ""
| #define SOCKDIR (eff_uid ? "/tmp/uscreens" : "/tmp/screens")
| #define POSIX 1
| #define HAVE_SYS_TYPES_H 1
| #define HAVE_SYS_STAT_H 1
| #define HAVE_STDLIB_H 1
| #define HAVE_STRING_H 1
| #define HAVE_MEMORY_H 1
| #define HAVE_STRINGS_H 1
| #define HAVE_INTTYPES_H 1
| #define HAVE_STDINT_H 1
| #define HAVE_UNISTD_H 1
| #define BSDJOBS 1
| #define HAVE_SETREUID 1
| #define NAMEDPIPE 1
| /* end confdefs.h.  */
| 
| int
| main ()
| {
| 
| #ifdef __hpux
| __sorry_hpux_libcurses_is_totally_broken_in_10_10();
| #else
| tgetent((char *)0, (char *)0);
| #endif
| 
|   ;
|   return 0;
| }
configure:4792: checking libtermcap...
configure:4811: x86_64-QNAP-linux-gnu-gcc -o conftest -I/root/daily_build/64_01/4.4.1/LinkFS/include -I/root/daily_build/64_01/4.4.1/LinkFS/usr/include  -L/root/daily_build/64_01/4.4.1/LinkFS/lib -L/root/daily_build/64_01/4.4.1/LinkFS/usr/lib conftest.c -ltermcap  >&5
/root/CT/x86_64-QNAP-linux-gnu/cross-tools/bin/../lib/gcc/x86_64-QNAP-linux-gnu/4.9.2/../../../../x86_64-QNAP-linux-gnu/bin/ld: cannot find -ltermcap
collect2: error: ld returned 1 exit status
configure:4814: $? = 1
configure: failed program was:
| #line 4794 "configure"
| /* confdefs.h.  */
| 
| #define PACKAGE_NAME ""
| #define PACKAGE_TARNAME ""
| #define PACKAGE_VERSION ""
| #define PACKAGE_STRING ""
| #define PACKAGE_BUGREPORT ""
| #define SOCKDIR (eff_uid ? "/tmp/uscreens" : "/tmp/screens")
| #define POSIX 1
| #define HAVE_SYS_TYPES_H 1
| #define HAVE_SYS_STAT_H 1
| #define HAVE_STDLIB_H 1
| #define HAVE_STRING_H 1
| #define HAVE_MEMORY_H 1
| #define HAVE_STRINGS_H 1
| #define HAVE_INTTYPES_H 1
| #define HAVE_STDINT_H 1
| #define HAVE_UNISTD_H 1
| #define BSDJOBS 1
| #define HAVE_SETREUID 1
| #define NAMEDPIPE 1
| /* end confdefs.h.  */
| 
| int
| main ()
| {
| tgetent((char *)0, (char *)0);
|   ;
|   return 0;
| }
configure:4828: checking libtermlib...
configure:4847: x86_64-QNAP-linux-gnu-gcc -o conftest -I/root/daily_build/64_01/4.4.1/LinkFS/include -I/root/daily_build/64_01/4.4.1/LinkFS/usr/include  -L/root/daily_build/64_01/4.4.1/LinkFS/lib -L/root/daily_build/64_01/4.4.1/LinkFS/usr/lib conftest.c -ltermlib  >&5
/root/CT/x86_64-QNAP-linux-gnu/cross-tools/bin/../lib/gcc/x86_64-QNAP-linux-gnu/4.9.2/../../../../x86_64-QNAP-linux-gnu/bin/ld: cannot find -ltermlib
collect2: error: ld returned 1 exit status
configure:4850: $? = 1
configure: failed program was:
| #line 4830 "configure"
| /* confdefs.h.  */
| 
| #define PACKAGE_NAME ""
| #define PACKAGE_TARNAME ""
| #define PACKAGE_VERSION ""
| #define PACKAGE_STRING ""
| #define PACKAGE_BUGREPORT ""
| #define SOCKDIR (eff_uid ? "/tmp/uscreens" : "/tmp/screens")
| #define POSIX 1
| #define HAVE_SYS_TYPES_H 1
| #define HAVE_SYS_STAT_H 1
| #define HAVE_STDLIB_H 1
| #define HAVE_STRING_H 1
| #define HAVE_MEMORY_H 1
| #define HAVE_STRINGS_H 1
| #define HAVE_INTTYPES_H 1
| #define HAVE_STDINT_H 1
| #define HAVE_UNISTD_H 1
| #define BSDJOBS 1
| #define HAVE_SETREUID 1
| #define NAMEDPIPE 1
| /* end confdefs.h.  */
| 
| int
| main ()
| {
| tgetent((char *)0, (char *)0);
|   ;
|   return 0;
| }
configure:4864: checking libncurses...
configure:4883: x86_64-QNAP-linux-gnu-gcc -o conftest -I/root/daily_build/64_01/4.4.1/LinkFS/include -I/root/daily_build/64_01/4.4.1/LinkFS/usr/include  -L/root/daily_build/64_01/4.4.1/LinkFS/lib -L/root/daily_build/64_01/4.4.1/LinkFS/usr/lib conftest.c -lncurses  >&5
configure:4886: $? = 0
configure:4889: test -s conftest
configure:4892: $? = 0
configure:4934: x86_64-QNAP-linux-gnu-gcc -o conftest -I/root/daily_build/64_01/4.4.1/LinkFS/include -I/root/daily_build/64_01/4.4.1/LinkFS/usr/include  -L/root/daily_build/64_01/4.4.1/LinkFS/lib -L/root/daily_build/64_01/4.4.1/LinkFS/usr/lib conftest.c -lncurses  >&5
configure: In function 'main':
configure:4945:2: warning: incompatible implicit declaration of built-in function 'exit'
 
  ^
configure:4937: $? = 0
configure:4939: ./conftest
configure:4942: $? = 1
configure: program exited with status 1
configure: failed program was:
| #line 4920 "configure"
| /* confdefs.h.  */
| 
| #define PACKAGE_NAME ""
| #define PACKAGE_TARNAME ""
| #define PACKAGE_VERSION ""
| #define PACKAGE_STRING ""
| #define PACKAGE_BUGREPORT ""
| #define SOCKDIR (eff_uid ? "/tmp/uscreens" : "/tmp/screens")
| #define POSIX 1
| #define HAVE_SYS_TYPES_H 1
| #define HAVE_SYS_STAT_H 1
| #define HAVE_STDLIB_H 1
| #define HAVE_STRING_H 1
| #define HAVE_MEMORY_H 1
| #define HAVE_STRINGS_H 1
| #define HAVE_INTTYPES_H 1
| #define HAVE_STDINT_H 1
| #define HAVE_UNISTD_H 1
| #define BSDJOBS 1
| #define HAVE_SETREUID 1
| #define NAMEDPIPE 1
| /* end confdefs.h.  */
| 
| main()
| {
|  exit(strcmp(tgoto("%p1%d", 0, 1), "1") ? 0 : 1);
| }
configure:4960: checking ospeed...
configure:4979: x86_64-QNAP-linux-gnu-gcc -o conftest -I/root/daily_build/64_01/4.4.1/LinkFS/include -I/root/daily_build/64_01/4.4.1/LinkFS/usr/include  -L/root/daily_build/64_01/4.4.1/LinkFS/lib -L/root/daily_build/64_01/4.4.1/LinkFS/usr/lib conftest.c -lncurses  >&5
configure:4982: $? = 0
configure:4985: test -s conftest
configure:4988: $? = 0
configure:5002: checking for /dev/ptc...
configure:5011: checking for SVR4 ptys...
configure:5032: x86_64-QNAP-linux-gnu-gcc -o conftest -I/root/daily_build/64_01/4.4.1/LinkFS/include -I/root/daily_build/64_01/4.4.1/LinkFS/usr/include  -L/root/daily_build/64_01/4.4.1/LinkFS/lib -L/root/daily_build/64_01/4.4.1/LinkFS/usr/lib conftest.c -lncurses  >&5
configure:5035: $? = 0
configure:5038: test -s conftest
configure:5041: $? = 0
configure:5060: checking for getpt
configure:5110: x86_64-QNAP-linux-gnu-gcc -o conftest -I/root/daily_build/64_01/4.4.1/LinkFS/include -I/root/daily_build/64_01/4.4.1/LinkFS/usr/include  -L/root/daily_build/64_01/4.4.1/LinkFS/lib -L/root/daily_build/64_01/4.4.1/LinkFS/usr/lib conftest.c -lncurses  >&5
configure:5113: $? = 0
configure:5116: test -s conftest
configure:5119: $? = 0
configure:5130: result: yes
configure:5290: checking for ptyranges...
configure:5354: checking default tty permissions/group...
configure:5402: x86_64-QNAP-linux-gnu-gcc -o conftest -I/root/daily_build/64_01/4.4.1/LinkFS/include -I/root/daily_build/64_01/4.4.1/LinkFS/usr/include  -L/root/daily_build/64_01/4.4.1/LinkFS/lib -L/root/daily_build/64_01/4.4.1/LinkFS/usr/lib conftest.c -lncurses  >&5
configure: In function 'main':
configure:5400:26: warning: incompatible implicit declaration of built-in function 'exit'
 _ACEOF
                          ^
configure:5405: $? = 0
configure:5407: ./conftest
configure:5410: $? = 1
configure: program exited with status 1
configure: failed program was:
| #line 5364 "configure"
| /* confdefs.h.  */
| 
| #define PACKAGE_NAME ""
| #define PACKAGE_TARNAME ""
| #define PACKAGE_VERSION ""
| #define PACKAGE_STRING ""
| #define PACKAGE_BUGREPORT ""
| #define SOCKDIR (eff_uid ? "/tmp/uscreens" : "/tmp/screens")
| #define POSIX 1
| #define HAVE_SYS_TYPES_H 1
| #define HAVE_SYS_STAT_H 1
| #define HAVE_STDLIB_H 1
| #define HAVE_STRING_H 1
| #define HAVE_MEMORY_H 1
| #define HAVE_STRINGS_H 1
| #define HAVE_INTTYPES_H 1
| #define HAVE_STDINT_H 1
| #define HAVE_UNISTD_H 1
| #define BSDJOBS 1
| #define HAVE_SETREUID 1
| #define NAMEDPIPE 1
| #define TERMINFO 1
| #define HAVE_SVR4_PTYS 1
| #define HAVE_GETPT 1
| /* end confdefs.h.  */
| 
| #include <sys/types.h>
| #include <sys/stat.h>
| #include <stdio.h>
| main()
| {
|   struct stat sb;
|   char *x,*ttyname();
|   int om, m;
|   FILE *fp;
| 
|   if (!(x = ttyname(0))) exit(1);
|   if (stat(x, &sb)) exit(1);
|   om = sb.st_mode;
|   if (om & 002) exit(0);
|   m = system("mesg y");
|   if (m == -1 || m == 127) exit(1);
|   if (stat(x, &sb)) exit(1);
|   m = sb.st_mode;
|   if (chmod(x, om)) exit(1);
|   if (m & 002) exit(0);
|   if (sb.st_gid == getgid()) exit(1);
|   if (!(fp=fopen("conftest_grp", "w")))
|     exit(1);
|   fprintf(fp, "%d\n", sb.st_gid);
|   fclose(fp);
|   exit(0);
| }
| 
configure:5441: checking for write
configure:5459: found /usr/bin/write
configure:5471: result: /usr/bin/write
configure:5480: checking for xterm
configure:5513: result: no
configure:5563: checking getutent...
configure:5594: x86_64-QNAP-linux-gnu-gcc -o conftest -I/root/daily_build/64_01/4.4.1/LinkFS/include -I/root/daily_build/64_01/4.4.1/LinkFS/usr/include  -L/root/daily_build/64_01/4.4.1/LinkFS/lib -L/root/daily_build/64_01/4.4.1/LinkFS/usr/lib conftest.c -lncurses  >&5
configure:5597: $? = 0
configure:5600: test -s conftest
configure:5603: $? = 0
configure:5671: checking ut_host...
configure:5699: x86_64-QNAP-linux-gnu-gcc -c -I/root/daily_build/64_01/4.4.1/LinkFS/include -I/root/daily_build/64_01/4.4.1/LinkFS/usr/include  conftest.c >&5
configure:5702: $? = 0
configure:5705: test -s conftest.o
configure:5708: $? = 0
configure:5730: checking utempter.h usability
configure:5743: x86_64-QNAP-linux-gnu-gcc -c -I/root/daily_build/64_01/4.4.1/LinkFS/include -I/root/daily_build/64_01/4.4.1/LinkFS/usr/include  conftest.c >&5
configure:5795:22: fatal error: utempter.h: No such file or directory
 else
                      ^
compilation terminated.
configure:5746: $? = 1
configure: failed program was:
| #line 5732 "configure"
| /* confdefs.h.  */
| 
| #define PACKAGE_NAME ""
| #define PACKAGE_TARNAME ""
| #define PACKAGE_VERSION ""
| #define PACKAGE_STRING ""
| #define PACKAGE_BUGREPORT ""
| #define SOCKDIR (eff_uid ? "/tmp/uscreens" : "/tmp/screens")
| #define POSIX 1
| #define HAVE_SYS_TYPES_H 1
| #define HAVE_SYS_STAT_H 1
| #define HAVE_STDLIB_H 1
| #define HAVE_STRING_H 1
| #define HAVE_MEMORY_H 1
| #define HAVE_STRINGS_H 1
| #define HAVE_INTTYPES_H 1
| #define HAVE_STDINT_H 1
| #define HAVE_UNISTD_H 1
| #define BSDJOBS 1
| #define HAVE_SETREUID 1
| #define NAMEDPIPE 1
| #define TERMINFO 1
| #define HAVE_SVR4_PTYS 1
| #define HAVE_GETPT 1
| #define PTYMODE 0620
| #define PTYGROUP 5
| #define GETUTENT 1
| #define UTHOST 1
| /* end confdefs.h.  */
| #include <stdio.h>
| #if HAVE_SYS_TYPES_H
| # include <sys/types.h>
| #endif
| #if HAVE_SYS_STAT_H
| # include <sys/stat.h>
| #endif
| #if STDC_HEADERS
| # include <stdlib.h>
| # include <stddef.h>
| #else
| # if HAVE_STDLIB_H
| #  include <stdlib.h>
| # endif
| #endif
| #if HAVE_STRING_H
| # if !STDC_HEADERS && HAVE_MEMORY_H
| #  include <memory.h>
| # endif
| # include <string.h>
| #endif
| #if HAVE_STRINGS_H
| # include <strings.h>
| #endif
| #if HAVE_INTTYPES_H
| # include <inttypes.h>
| #else
| # if HAVE_STDINT_H
| #  include <stdint.h>
| # endif
| #endif
| #if HAVE_UNISTD_H
| # include <unistd.h>
| #endif
| #include <utempter.h>
configure:5762: result: no
configure:5766: checking utempter.h presence
configure:5777: x86_64-QNAP-linux-gnu-gcc -E  conftest.c
configure:5797:22: fatal error: utempter.h: No such file or directory
 sed 's/^/| /' conftest.$ac_ext >&5
                      ^
compilation terminated.
configure:5783: $? = 1
configure: failed program was:
| #line 5768 "configure"
| /* confdefs.h.  */
| 
| #define PACKAGE_NAME ""
| #define PACKAGE_TARNAME ""
| #define PACKAGE_VERSION ""
| #define PACKAGE_STRING ""
| #define PACKAGE_BUGREPORT ""
| #define SOCKDIR (eff_uid ? "/tmp/uscreens" : "/tmp/screens")
| #define POSIX 1
| #define HAVE_SYS_TYPES_H 1
| #define HAVE_SYS_STAT_H 1
| #define HAVE_STDLIB_H 1
| #define HAVE_STRING_H 1
| #define HAVE_MEMORY_H 1
| #define HAVE_STRINGS_H 1
| #define HAVE_INTTYPES_H 1
| #define HAVE_STDINT_H 1
| #define HAVE_UNISTD_H 1
| #define BSDJOBS 1
| #define HAVE_SETREUID 1
| #define NAMEDPIPE 1
| #define TERMINFO 1
| #define HAVE_SVR4_PTYS 1
| #define HAVE_GETPT 1
| #define PTYMODE 0620
| #define PTYGROUP 5
| #define GETUTENT 1
| #define UTHOST 1
| /* end confdefs.h.  */
| #include <utempter.h>
configure:5802: result: no
configure:5838: checking for utempter.h
configure:5845: result: no
configure:5864: checking for libutil(s)...
configure:5869: checking getloadavg...
configure:5888: x86_64-QNAP-linux-gnu-gcc -o conftest -I/root/daily_build/64_01/4.4.1/LinkFS/include -I/root/daily_build/64_01/4.4.1/LinkFS/usr/include  -L/root/daily_build/64_01/4.4.1/LinkFS/lib -L/root/daily_build/64_01/4.4.1/LinkFS/usr/lib conftest.c -lncurses  >&5
configure:5891: $? = 0
configure:5894: test -s conftest
configure:5897: $? = 0
configure:6558: checking for crypt and sec libraries...
configure:6563: checking crypt...
configure:6582: x86_64-QNAP-linux-gnu-gcc -o conftest -I/root/daily_build/64_01/4.4.1/LinkFS/include -I/root/daily_build/64_01/4.4.1/LinkFS/usr/include  -L/root/daily_build/64_01/4.4.1/LinkFS/lib -L/root/daily_build/64_01/4.4.1/LinkFS/usr/lib conftest.c -lncurses  -lcrypt >&5
configure:6585: $? = 0
configure:6588: test -s conftest
configure:6591: $? = 0
configure:6603: checking IRIX sun library...
configure:6622: x86_64-QNAP-linux-gnu-gcc -o conftest -I/root/daily_build/64_01/4.4.1/LinkFS/include -I/root/daily_build/64_01/4.4.1/LinkFS/usr/include  -L/root/daily_build/64_01/4.4.1/LinkFS/lib -L/root/daily_build/64_01/4.4.1/LinkFS/usr/lib conftest.c -lncurses  -lcrypt -lsun >&5
/root/CT/x86_64-QNAP-linux-gnu/cross-tools/bin/../lib/gcc/x86_64-QNAP-linux-gnu/4.9.2/../../../../x86_64-QNAP-linux-gnu/bin/ld: cannot find -lsun
collect2: error: ld returned 1 exit status
configure:6625: $? = 1
configure: failed program was:
| #line 6605 "configure"
| /* confdefs.h.  */
| 
| #define PACKAGE_NAME ""
| #define PACKAGE_TARNAME ""
| #define PACKAGE_VERSION ""
| #define PACKAGE_STRING ""
| #define PACKAGE_BUGREPORT ""
| #define SOCKDIR (eff_uid ? "/tmp/uscreens" : "/tmp/screens")
| #define POSIX 1
| #define HAVE_SYS_TYPES_H 1
| #define HAVE_SYS_STAT_H 1
| #define HAVE_STDLIB_H 1
| #define HAVE_STRING_H 1
| #define HAVE_MEMORY_H 1
| #define HAVE_STRINGS_H 1
| #define HAVE_INTTYPES_H 1
| #define HAVE_STDINT_H 1
| #define HAVE_UNISTD_H 1
| #define BSDJOBS 1
| #define HAVE_SETREUID 1
| #define NAMEDPIPE 1
| #define TERMINFO 1
| #define HAVE_SVR4_PTYS 1
| #define HAVE_GETPT 1
| #define PTYMODE 0620
| #define PTYGROUP 5
| #define GETUTENT 1
| #define UTHOST 1
| #define LOADAV_GETLOADAVG 1
| #define LOADAV 1
| #define LOADAV_TYPE double
| #define LOADAV_NUM 3
| #define LOADAV_SCALE 1
| #define SIGVOID 1
| /* end confdefs.h.  */
| 
| int
| main ()
| {
| 
|   ;
|   return 0;
| }
configure:6642: checking syslog...
configure:6661: x86_64-QNAP-linux-gnu-gcc -o conftest -I/root/daily_build/64_01/4.4.1/LinkFS/include -I/root/daily_build/64_01/4.4.1/LinkFS/usr/include  -L/root/daily_build/64_01/4.4.1/LinkFS/lib -L/root/daily_build/64_01/4.4.1/LinkFS/usr/lib conftest.c -lncurses  -lcrypt >&5
configure:6664: $? = 0
configure:6667: test -s conftest
configure:6670: $? = 0
configure:6745: checking wait union...
configure:6772: x86_64-QNAP-linux-gnu-gcc -c -I/root/daily_build/64_01/4.4.1/LinkFS/include -I/root/daily_build/64_01/4.4.1/LinkFS/usr/include  conftest.c >&5
configure:6775: $? = 0
configure:6778: test -s conftest.o
configure:6781: $? = 0
configure:6795: checking for termio or termios...
configure:6806: x86_64-QNAP-linux-gnu-gcc -E  conftest.c
configure:6812: $? = 0
configure:6875: checking getspnam...
configure:6894: x86_64-QNAP-linux-gnu-gcc -o conftest -I/root/daily_build/64_01/4.4.1/LinkFS/include -I/root/daily_build/64_01/4.4.1/LinkFS/usr/include  -L/root/daily_build/64_01/4.4.1/LinkFS/lib -L/root/daily_build/64_01/4.4.1/LinkFS/usr/lib conftest.c -lncurses  -lcrypt >&5
configure:6897: $? = 0
configure:6900: test -s conftest
configure:6903: $? = 0
configure:6916: checking getttyent...
configure:6935: x86_64-QNAP-linux-gnu-gcc -o conftest -I/root/daily_build/64_01/4.4.1/LinkFS/include -I/root/daily_build/64_01/4.4.1/LinkFS/usr/include  -L/root/daily_build/64_01/4.4.1/LinkFS/lib -L/root/daily_build/64_01/4.4.1/LinkFS/usr/lib conftest.c -lncurses  -lcrypt >&5
configure:6938: $? = 0
configure:6941: test -s conftest
configure:6944: $? = 0
configure:6957: checking fdwalk...
configure:6976: x86_64-QNAP-linux-gnu-gcc -o conftest -I/root/daily_build/64_01/4.4.1/LinkFS/include -I/root/daily_build/64_01/4.4.1/LinkFS/usr/include  -L/root/daily_build/64_01/4.4.1/LinkFS/lib -L/root/daily_build/64_01/4.4.1/LinkFS/usr/lib conftest.c -lncurses  -lcrypt >&5
/tmp/ccLUBR1N.o: In function `main':
conftest.c:(.text+0x14): undefined reference to `fdwalk'
collect2: error: ld returned 1 exit status
configure:6979: $? = 1
configure: failed program was:
| #line 6959 "configure"
| /* confdefs.h.  */
| 
| #define PACKAGE_NAME ""
| #define PACKAGE_TARNAME ""
| #define PACKAGE_VERSION ""
| #define PACKAGE_STRING ""
| #define PACKAGE_BUGREPORT ""
| #define SOCKDIR (eff_uid ? "/tmp/uscreens" : "/tmp/screens")
| #define POSIX 1
| #define HAVE_SYS_TYPES_H 1
| #define HAVE_SYS_STAT_H 1
| #define HAVE_STDLIB_H 1
| #define HAVE_STRING_H 1
| #define HAVE_MEMORY_H 1
| #define HAVE_STRINGS_H 1
| #define HAVE_INTTYPES_H 1
| #define HAVE_STDINT_H 1
| #define HAVE_UNISTD_H 1
| #define BSDJOBS 1
| #define HAVE_SETREUID 1
| #define NAMEDPIPE 1
| #define TERMINFO 1
| #define HAVE_SVR4_PTYS 1
| #define HAVE_GETPT 1
| #define PTYMODE 0620
| #define PTYGROUP 5
| #define GETUTENT 1
| #define UTHOST 1
| #define LOADAV_GETLOADAVG 1
| #define LOADAV 1
| #define LOADAV_TYPE double
| #define LOADAV_NUM 3
| #define LOADAV_SCALE 1
| #define SIGVOID 1
| #define BSDWAIT 1
| #define TERMIO 1
| #define SHADOWPW 1
| #define GETTTYENT 1
| /* end confdefs.h.  */
| #include <stdlib.h>
| int
| main ()
| {
| fdwalk(NULL, NULL);
|   ;
|   return 0;
| }
configure:6998: checking whether memcpy/memmove/bcopy handles overlapping arguments...
configure:7029: x86_64-QNAP-linux-gnu-gcc -o conftest -I/root/daily_build/64_01/4.4.1/LinkFS/include -I/root/daily_build/64_01/4.4.1/LinkFS/usr/include  -L/root/daily_build/64_01/4.4.1/LinkFS/lib -L/root/daily_build/64_01/4.4.1/LinkFS/usr/lib conftest.c -lncurses  -lcrypt >&5
configure: In function 'main':
configure:7049:3: warning: incompatible implicit declaration of built-in function 'strcpy'
 rm -f core core.* *.core gmon.out bb.out conftest$ac_exeext conftest.$ac_objext conftest.$ac_ext
   ^
configure:7050:3: warning: incompatible implicit declaration of built-in function 'bcopy'
 fi
   ^
configure:7052:5: warning: incompatible implicit declaration of built-in function 'exit'
 if test "$cross_compiling" = yes; then
     ^
configure:7032: $? = 0
configure:7034: ./conftest
configure:7037: $? = 0
configure:7082: x86_64-QNAP-linux-gnu-gcc -o conftest -I/root/daily_build/64_01/4.4.1/LinkFS/include -I/root/daily_build/64_01/4.4.1/LinkFS/usr/include  -L/root/daily_build/64_01/4.4.1/LinkFS/lib -L/root/daily_build/64_01/4.4.1/LinkFS/usr/lib conftest.c -lncurses  -lcrypt >&5
configure: In function 'main':
configure:7103:3: warning: incompatible implicit declaration of built-in function 'strcpy'
 fi
   ^
configure:7100:22: warning: incompatible implicit declaration of built-in function 'memmove'
 
                      ^
configure:7104:3: note: in expansion of macro 'bcopy'
 
   ^
configure:7106:5: warning: incompatible implicit declaration of built-in function 'exit'
 if test "$cross_compiling" = yes; then
     ^
configure:7085: $? = 0
configure:7087: ./conftest
configure:7090: $? = 0
configure:7136: x86_64-QNAP-linux-gnu-gcc -o conftest -I/root/daily_build/64_01/4.4.1/LinkFS/include -I/root/daily_build/64_01/4.4.1/LinkFS/usr/include  -L/root/daily_build/64_01/4.4.1/LinkFS/lib -L/root/daily_build/64_01/4.4.1/LinkFS/usr/lib conftest.c -lncurses  -lcrypt >&5
configure: In function 'main':
configure:7158:3: warning: incompatible implicit declaration of built-in function 'strcpy'
 
   ^
configure:7155:22: warning: incompatible implicit declaration of built-in function 'memcpy'
 fi
                      ^
configure:7159:3: note: in expansion of macro 'bcopy'
 echo "$as_me:$LINENO: checking long file names" >&5
   ^
configure:7161:5: warning: incompatible implicit declaration of built-in function 'exit'
 (echo 1 > /tmp/conftest9012345) 2>/dev/null
     ^
configure:7139: $? = 0
configure:7141: ./conftest
configure:7144: $? = 1
configure: program exited with status 1
configure: failed program was:
| #line 7113 "configure"
| /* confdefs.h.  */
| 
| #define PACKAGE_NAME ""
| #define PACKAGE_TARNAME ""
| #define PACKAGE_VERSION ""
| #define PACKAGE_STRING ""
| #define PACKAGE_BUGREPORT ""
| #define SOCKDIR (eff_uid ? "/tmp/uscreens" : "/tmp/screens")
| #define POSIX 1
| #define HAVE_SYS_TYPES_H 1
| #define HAVE_SYS_STAT_H 1
| #define HAVE_STDLIB_H 1
| #define HAVE_STRING_H 1
| #define HAVE_MEMORY_H 1
| #define HAVE_STRINGS_H 1
| #define HAVE_INTTYPES_H 1
| #define HAVE_STDINT_H 1
| #define HAVE_UNISTD_H 1
| #define BSDJOBS 1
| #define HAVE_SETREUID 1
| #define NAMEDPIPE 1
| #define TERMINFO 1
| #define HAVE_SVR4_PTYS 1
| #define HAVE_GETPT 1
| #define PTYMODE 0620
| #define PTYGROUP 5
| #define GETUTENT 1
| #define UTHOST 1
| #define LOADAV_GETLOADAVG 1
| #define LOADAV 1
| #define LOADAV_TYPE double
| #define LOADAV_NUM 3
| #define LOADAV_SCALE 1
| #define SIGVOID 1
| #define BSDWAIT 1
| #define TERMIO 1
| #define SHADOWPW 1
| #define GETTTYENT 1
| #define USEBCOPY 1
| #define USEMEMMOVE 1
| /* end confdefs.h.  */
| 
| #define bcopy(s,d,l) memcpy(d,s,l)
| main() {
|   char buf[10];
|   strcpy(buf, "abcdefghi");
|   bcopy(buf, buf + 2, 3);
|   if (strncmp(buf, "ababcf", 6))
|     exit(1);
|   strcpy(buf, "abcdefghi");
|   bcopy(buf + 2, buf, 3);
|   if (strncmp(buf, "cdedef", 6))
|     exit(1);
|   exit(0); /* libc version works properly.  */
| }
configure:7159: checking long file names
configure:7165: result: yes
configure:7177: checking for vsprintf
configure:7196: x86_64-QNAP-linux-gnu-gcc -o conftest -I/root/daily_build/64_01/4.4.1/LinkFS/include -I/root/daily_build/64_01/4.4.1/LinkFS/usr/include  -L/root/daily_build/64_01/4.4.1/LinkFS/lib -L/root/daily_build/64_01/4.4.1/LinkFS/usr/lib conftest.c -lncurses  -lcrypt >&5
configure:7199: $? = 0
configure:7202: test -s conftest
configure:7205: $? = 0
configure:7207: result: yes
configure:7229: checking for dirent.h that defines DIR
configure:7254: x86_64-QNAP-linux-gnu-gcc -c -I/root/daily_build/64_01/4.4.1/LinkFS/include -I/root/daily_build/64_01/4.4.1/LinkFS/usr/include  conftest.c >&5
configure:7257: $? = 0
configure:7260: test -s conftest.o
configure:7263: $? = 0
configure:7274: result: yes
configure:7287: checking for library containing opendir
configure:7318: x86_64-QNAP-linux-gnu-gcc -o conftest -I/root/daily_build/64_01/4.4.1/LinkFS/include -I/root/daily_build/64_01/4.4.1/LinkFS/usr/include  -L/root/daily_build/64_01/4.4.1/LinkFS/lib -L/root/daily_build/64_01/4.4.1/LinkFS/usr/lib conftest.c -lncurses  -lcrypt >&5
configure:7321: $? = 0
configure:7324: test -s conftest
configure:7327: $? = 0
configure:7386: result: none required
configure:7503: checking for setenv
configure:7522: x86_64-QNAP-linux-gnu-gcc -o conftest -I/root/daily_build/64_01/4.4.1/LinkFS/include -I/root/daily_build/64_01/4.4.1/LinkFS/usr/include  -L/root/daily_build/64_01/4.4.1/LinkFS/lib -L/root/daily_build/64_01/4.4.1/LinkFS/usr/lib conftest.c -lncurses  -lcrypt >&5
configure:7525: $? = 0
configure:7528: test -s conftest
configure:7531: $? = 0
configure:7533: result: yes
configure:7590: checking for nl_langinfo(CODESET)
configure:7611: x86_64-QNAP-linux-gnu-gcc -o conftest -I/root/daily_build/64_01/4.4.1/LinkFS/include -I/root/daily_build/64_01/4.4.1/LinkFS/usr/include  -L/root/daily_build/64_01/4.4.1/LinkFS/lib -L/root/daily_build/64_01/4.4.1/LinkFS/usr/lib conftest.c -lncurses  -lcrypt >&5
configure:7614: $? = 0
configure:7617: test -s conftest
configure:7620: $? = 0
configure:7622: result: yes
configure:7636: checking for library containing gethostname
configure:7667: x86_64-QNAP-linux-gnu-gcc -o conftest -I/root/daily_build/64_01/4.4.1/LinkFS/include -I/root/daily_build/64_01/4.4.1/LinkFS/usr/include  -L/root/daily_build/64_01/4.4.1/LinkFS/lib -L/root/daily_build/64_01/4.4.1/LinkFS/usr/lib conftest.c -lncurses  -lcrypt >&5
configure:7670: $? = 0
configure:7673: test -s conftest
configure:7676: $? = 0
configure:7735: result: none required
configure:7757: checking for rename
configure:7807: x86_64-QNAP-linux-gnu-gcc -o conftest -I/root/daily_build/64_01/4.4.1/LinkFS/include -I/root/daily_build/64_01/4.4.1/LinkFS/usr/include  -L/root/daily_build/64_01/4.4.1/LinkFS/lib -L/root/daily_build/64_01/4.4.1/LinkFS/usr/lib conftest.c -lncurses  -lcrypt >&5
configure:7810: $? = 0
configure:7813: test -s conftest
configure:7816: $? = 0
configure:7827: result: yes
configure:7757: checking for fchmod
configure:7807: x86_64-QNAP-linux-gnu-gcc -o conftest -I/root/daily_build/64_01/4.4.1/LinkFS/include -I/root/daily_build/64_01/4.4.1/LinkFS/usr/include  -L/root/daily_build/64_01/4.4.1/LinkFS/lib -L/root/daily_build/64_01/4.4.1/LinkFS/usr/lib conftest.c -lncurses  -lcrypt >&5
configure:7810: $? = 0
configure:7813: test -s conftest
configure:7816: $? = 0
configure:7827: result: yes
configure:7757: checking for fchown
configure:7807: x86_64-QNAP-linux-gnu-gcc -o conftest -I/root/daily_build/64_01/4.4.1/LinkFS/include -I/root/daily_build/64_01/4.4.1/LinkFS/usr/include  -L/root/daily_build/64_01/4.4.1/LinkFS/lib -L/root/daily_build/64_01/4.4.1/LinkFS/usr/lib conftest.c -lncurses  -lcrypt >&5
configure:7810: $? = 0
configure:7813: test -s conftest
configure:7816: $? = 0
configure:7827: result: yes
configure:7757: checking for strerror
configure:7807: x86_64-QNAP-linux-gnu-gcc -o conftest -I/root/daily_build/64_01/4.4.1/LinkFS/include -I/root/daily_build/64_01/4.4.1/LinkFS/usr/include  -L/root/daily_build/64_01/4.4.1/LinkFS/lib -L/root/daily_build/64_01/4.4.1/LinkFS/usr/lib conftest.c -lncurses  -lcrypt >&5
configure:7810: $? = 0
configure:7813: test -s conftest
configure:7816: $? = 0
configure:7827: result: yes
configure:7757: checking for lstat
configure:7807: x86_64-QNAP-linux-gnu-gcc -o conftest -I/root/daily_build/64_01/4.4.1/LinkFS/include -I/root/daily_build/64_01/4.4.1/LinkFS/usr/include  -L/root/daily_build/64_01/4.4.1/LinkFS/lib -L/root/daily_build/64_01/4.4.1/LinkFS/usr/lib conftest.c -lncurses  -lcrypt >&5
configure:7810: $? = 0
configure:7813: test -s conftest
configure:7816: $? = 0
configure:7827: result: yes
configure:7757: checking for _exit
configure:7807: x86_64-QNAP-linux-gnu-gcc -o conftest -I/root/daily_build/64_01/4.4.1/LinkFS/include -I/root/daily_build/64_01/4.4.1/LinkFS/usr/include  -L/root/daily_build/64_01/4.4.1/LinkFS/lib -L/root/daily_build/64_01/4.4.1/LinkFS/usr/lib conftest.c -lncurses  -lcrypt >&5
configure:7828:6: warning: conflicting types for built-in function '_exit'
 echo "${ECHO_T}`eval echo '${'$as_ac_var'}'`" >&6
      ^
configure:7810: $? = 0
configure:7813: test -s conftest
configure:7816: $? = 0
configure:7827: result: yes
configure:7757: checking for utimes
configure:7807: x86_64-QNAP-linux-gnu-gcc -o conftest -I/root/daily_build/64_01/4.4.1/LinkFS/include -I/root/daily_build/64_01/4.4.1/LinkFS/usr/include  -L/root/daily_build/64_01/4.4.1/LinkFS/lib -L/root/daily_build/64_01/4.4.1/LinkFS/usr/lib conftest.c -lncurses  -lcrypt >&5
configure:7810: $? = 0
configure:7813: test -s conftest
configure:7816: $? = 0
configure:7827: result: yes
configure:7757: checking for vsnprintf
configure:7807: x86_64-QNAP-linux-gnu-gcc -o conftest -I/root/daily_build/64_01/4.4.1/LinkFS/include -I/root/daily_build/64_01/4.4.1/LinkFS/usr/include  -L/root/daily_build/64_01/4.4.1/LinkFS/lib -L/root/daily_build/64_01/4.4.1/LinkFS/usr/lib conftest.c -lncurses  -lcrypt >&5
configure:7830:6: warning: conflicting types for built-in function 'vsnprintf'
   cat >>confdefs.h <<_ACEOF
      ^
configure:7810: $? = 0
configure:7813: test -s conftest
configure:7816: $? = 0
configure:7827: result: yes
configure:7757: checking for getcwd
configure:7807: x86_64-QNAP-linux-gnu-gcc -o conftest -I/root/daily_build/64_01/4.4.1/LinkFS/include -I/root/daily_build/64_01/4.4.1/LinkFS/usr/include  -L/root/daily_build/64_01/4.4.1/LinkFS/lib -L/root/daily_build/64_01/4.4.1/LinkFS/usr/lib conftest.c -lncurses  -lcrypt >&5
configure:7810: $? = 0
configure:7813: test -s conftest
configure:7816: $? = 0
configure:7827: result: yes
configure:7757: checking for setlocale
configure:7807: x86_64-QNAP-linux-gnu-gcc -o conftest -I/root/daily_build/64_01/4.4.1/LinkFS/include -I/root/daily_build/64_01/4.4.1/LinkFS/usr/include  -L/root/daily_build/64_01/4.4.1/LinkFS/lib -L/root/daily_build/64_01/4.4.1/LinkFS/usr/lib conftest.c -lncurses  -lcrypt >&5
configure:7810: $? = 0
configure:7813: test -s conftest
configure:7816: $? = 0
configure:7827: result: yes
configure:7757: checking for strftime
configure:7807: x86_64-QNAP-linux-gnu-gcc -o conftest -I/root/daily_build/64_01/4.4.1/LinkFS/include -I/root/daily_build/64_01/4.4.1/LinkFS/usr/include  -L/root/daily_build/64_01/4.4.1/LinkFS/lib -L/root/daily_build/64_01/4.4.1/LinkFS/usr/lib conftest.c -lncurses  -lcrypt >&5
configure:7833:6: warning: conflicting types for built-in function 'strftime'
 
      ^
configure:7810: $? = 0
configure:7813: test -s conftest
configure:7816: $? = 0
configure:7827: result: yes
configure:7964: x86_64-QNAP-linux-gnu-gcc -o conftest -I/root/daily_build/64_01/4.4.1/LinkFS/include -I/root/daily_build/64_01/4.4.1/LinkFS/usr/include  -L/root/daily_build/64_01/4.4.1/LinkFS/lib -L/root/daily_build/64_01/4.4.1/LinkFS/usr/lib conftest.c -lncurses  -lcrypt >&5
configure: In function 'main':
configure:8010:8: warning: incompatible implicit declaration of built-in function 'exit'
 SCREENENCODINGS="\"$SCREENENCODINGS\""
        ^
configure:7967: $? = 0
configure:7969: ./conftest
configure:7972: $? = 0
configure:7992: checking for the global screenrc file
configure:8004: result: "/usr/etc/screenrc"
configure:8012: checking for the utf8-encodings location
configure:8018: result: "/usr/share/screen/utf8encodings"
configure:8118: creating ./config.status

## ---------------------- ##
## Running config.status. ##
## ---------------------- ##

This file was extended by config.status, which was
generated by GNU Autoconf 2.57.  Invocation command line was

  CONFIG_FILES    = 
  CONFIG_HEADERS  = 
  CONFIG_LINKS    = 
  CONFIG_COMMANDS = 
  $ ./config.status 

on U16BuildServer115

config.status:627: creating Makefile
config.status:627: creating doc/Makefile
config.status:731: creating config.h
config.status:930: config.h is unchanged
config.status:1030: executing default commands

## ---------------- ##
## Cache variables. ##
## ---------------- ##

ac_cv_c_compiler_gnu=yes
ac_cv_env_CC_set=set
ac_cv_env_CC_value=x86_64-QNAP-linux-gnu-gcc
ac_cv_env_CFLAGS_set=set
ac_cv_env_CFLAGS_value='-I/root/daily_build/64_01/4.4.1/LinkFS/include -I/root/daily_build/64_01/4.4.1/LinkFS/usr/include'
ac_cv_env_CPPFLAGS_set=
ac_cv_env_CPPFLAGS_value=
ac_cv_env_CPP_set=
ac_cv_env_CPP_value=
ac_cv_env_LDFLAGS_set=set
ac_cv_env_LDFLAGS_value='-L/root/daily_build/64_01/4.4.1/LinkFS/lib -L/root/daily_build/64_01/4.4.1/LinkFS/usr/lib'
ac_cv_env_build_alias_set=
ac_cv_env_build_alias_value=
ac_cv_env_host_alias_set=set
ac_cv_env_host_alias_value=x86_64-QNAP-linux-gnu
ac_cv_env_target_alias_set=
ac_cv_env_target_alias_value=
ac_cv_exeext=
ac_cv_func__exit=yes
ac_cv_func_fchmod=yes
ac_cv_func_fchown=yes
ac_cv_func_getcwd=yes
ac_cv_func_getpt=yes
ac_cv_func_lstat=yes
ac_cv_func_rename=yes
ac_cv_func_setlocale=yes
ac_cv_func_strerror=yes
ac_cv_func_strftime=yes
ac_cv_func_utimes=yes
ac_cv_func_vsnprintf=yes
ac_cv_header_dirent_dirent_h=yes
ac_cv_header_inttypes_h=yes
ac_cv_header_memory_h=yes
ac_cv_header_stdc=no
ac_cv_header_stdint_h=yes
ac_cv_header_stdlib_h=yes
ac_cv_header_string_h=yes
ac_cv_header_strings_h=yes
ac_cv_header_sys_stat_h=yes
ac_cv_header_sys_types_h=yes
ac_cv_header_unistd_h=yes
ac_cv_header_utempter_h=no
ac_cv_objext=o
ac_cv_path_WRITEPATH=/usr/bin/write
ac_cv_path_ac_prefix_program=/usr/bin/screen
ac_cv_path_install='/usr/bin/install -c'
ac_cv_prog_AWK=gawk
ac_cv_prog_CC=x86_64-QNAP-linux-gnu-gcc
ac_cv_prog_CPP='x86_64-QNAP-linux-gnu-gcc -E'
ac_cv_prog_cc_g=yes
ac_cv_prog_cc_stdc=
ac_cv_prog_egrep='grep -E'
ac_cv_prog_gcc_traditional=no
ac_cv_search_gethostname='none required'
ac_cv_search_opendir='none required'
ac_cv_search_strerror='none required'

## ----------------- ##
## Output variables. ##
## ----------------- ##

AWK='gawk'
CC='x86_64-QNAP-linux-gnu-gcc'
CFLAGS='-I/root/daily_build/64_01/4.4.1/LinkFS/include -I/root/daily_build/64_01/4.4.1/LinkFS/usr/include'
CPP='x86_64-QNAP-linux-gnu-gcc -E'
CPPFLAGS=''
DEFS='-DHAVE_CONFIG_H'
ECHO_C=''
ECHO_N='-n'
ECHO_T=''
EGREP='grep -E'
EXEEXT=''
INSTALL_DATA='${INSTALL} -m 644'
INSTALL_PROGRAM='${INSTALL}'
INSTALL_SCRIPT='${INSTALL}'
LDFLAGS='-L/root/daily_build/64_01/4.4.1/LinkFS/lib -L/root/daily_build/64_01/4.4.1/LinkFS/usr/lib'
LIBOBJS=''
LIBS='-lncurses  -lcrypt'
LTLIBOBJS=''
OBJEXT='o'
PACKAGE_BUGREPORT=''
PACKAGE_NAME=''
PACKAGE_STRING=''
PACKAGE_TARNAME=''
PACKAGE_VERSION=''
PATH_SEPARATOR=':'
SHELL='/bin/bash'
VERSION='4.0.3'
WRITEPATH='/usr/bin/write'
XTERMPATH=''
ac_ct_CC=''
ac_prefix_program='/usr/bin/screen'
bindir='${exec_prefix}/bin'
build_alias=''
datadir='${prefix}/share'
exec_prefix='${prefix}'
host_alias='x86_64-QNAP-linux-gnu'
includedir='${prefix}/include'
infodir='${prefix}/info'
libdir='${exec_prefix}/lib'
libexecdir='${exec_prefix}/libexec'
localstatedir='${prefix}/var'
mandir='${prefix}/man'
oldincludedir='/usr/include'
prefix='/usr'
program_transform_name='s,x,x,'
sbindir='${exec_prefix}/sbin'
sharedstatedir='${prefix}/com'
sysconfdir='${prefix}/etc'
target_alias=''

## ----------- ##
## confdefs.h. ##
## ----------- ##

#define BSDJOBS 1
#define BSDWAIT 1
#define ETCSCREENRC "/usr/etc/screenrc"
#define GETTTYENT 1
#define GETUTENT 1
#define HAVE_DIRENT_H 1
#define HAVE_FCHMOD 1
#define HAVE_FCHOWN 1
#define HAVE_GETCWD 1
#define HAVE_GETPT 1
#define HAVE_INTTYPES_H 1
#define HAVE_LSTAT 1
#define HAVE_MEMORY_H 1
#define HAVE_NL_LANGINFO 1
#define HAVE_RENAME 1
#define HAVE_SETLOCALE 1
#define HAVE_SETREUID 1
#define HAVE_STDINT_H 1
#define HAVE_STDLIB_H 1
#define HAVE_STRERROR 1
#define HAVE_STRFTIME 1
#define HAVE_STRINGS_H 1
#define HAVE_STRING_H 1
#define HAVE_SVR4_PTYS 1
#define HAVE_SYS_STAT_H 1
#define HAVE_SYS_TYPES_H 1
#define HAVE_UNISTD_H 1
#define HAVE_UTIMES 1
#define HAVE_VSNPRINTF 1
#define HAVE__EXIT 1
#define LOADAV 1
#define LOADAV_GETLOADAVG 1
#define LOADAV_NUM 3
#define LOADAV_SCALE 1
#define LOADAV_TYPE double
#define NAMEDPIPE 1
#define PACKAGE_BUGREPORT ""
#define PACKAGE_NAME ""
#define PACKAGE_STRING ""
#define PACKAGE_TARNAME ""
#define PACKAGE_VERSION ""
#define POSIX 1
#define PTYGROUP 5
#define PTYMODE 0620
#define SCREENENCODINGS "/usr/share/screen/utf8encodings"
#define SHADOWPW 1
#define SIGVOID 1
#define SOCKDIR (eff_uid ? "/tmp/uscreens" : "/tmp/screens")
#define TERMINFO 1
#define TERMIO 1
#define USEBCOPY 1
#define USEMEMMOVE 1
#define USESETENV 1
#define USEVARARGS 1
#define UTHOST 1

configure: exit 0
