This file contains any messages produced by compilers while
running configure, to aid debugging if configure makes a mistake.

It was created by sqlite configure 3.26.0, which was
generated by GNU Autoconf 2.69.  Invocation command line was

  $ ./configure --host=x86_64-QNAP-linux-gnu --build=x86_64-linux --disable-tcl --enable-threadsafe

## --------- ##
## Platform. ##
## --------- ##

hostname = U16BuildServer115
uname -m = x86_64
uname -r = 4.4.0-21-generic
uname -s = Linux
uname -v = #37-Ubuntu SMP Mon Apr 18 18:33:37 UTC 2016

/usr/bin/uname -p = unknown
/bin/uname -X     = unknown

/bin/arch              = unknown
/usr/bin/arch -k       = unknown
/usr/convex/getsysinfo = unknown
/usr/bin/hostinfo      = unknown
/bin/machine           = unknown
/usr/bin/oslevel       = unknown
/bin/universe          = unknown

PATH: /root/CT/x86_64-QNAP-linux-gnu/cross-tools/bin
PATH: /root/CT/x86_64-QNAP-linux-gnu/cross-tools/bin
PATH: /root/CT/x86_64-QNAP-linux-gnu/cross-tools/bin
PATH: /usr/local/sbin
PATH: /usr/local/bin
PATH: /usr/sbin
PATH: /usr/bin
PATH: /sbin
PATH: /bin


## ----------- ##
## Core tests. ##
## ----------- ##

configure:2497: checking build system type
configure:2511: result: x86_64-pc-linux-gnu
configure:2531: checking host system type
configure:2544: result: x86_64-QNAP-linux-gnu
configure:2572: checking for x86_64-QNAP-linux-gnu-gcc
configure:2588: found /root/CT/x86_64-QNAP-linux-gnu/cross-tools/bin/x86_64-QNAP-linux-gnu-gcc
configure:2599: result: x86_64-QNAP-linux-gnu-gcc
configure:2868: checking for C compiler version
configure:2877: x86_64-QNAP-linux-gnu-gcc --version >&5
x86_64-QNAP-linux-gnu-gcc (toolchain config: [gcc-4.9.2 binutils-2.25 glibc-2.21]) 4.9.2
Copyright (C) 2014 Free Software Foundation, Inc.
This is free software; see the source for copying conditions.  There is NO
warranty; not even for MERCHANTABILITY or FITNESS FOR A PARTICULAR PURPOSE.

configure:2888: $? = 0
configure:2877: x86_64-QNAP-linux-gnu-gcc -v >&5
Using built-in specs.
COLLECT_GCC=x86_64-QNAP-linux-gnu-gcc
COLLECT_LTO_WRAPPER=/root/CT/x86_64-QNAP-linux-gnu/cross-tools/bin/../libexec/gcc/x86_64-QNAP-linux-gnu/4.9.2/lto-wrapper
Target: x86_64-QNAP-linux-gnu
Configured with: ../gcc-4.9.2/configure --with-pkgversion='toolchain config: [gcc-4.9.2 binutils-2.25 glibc-2.21]' --prefix=/root/toolchain/docker_deploy/dockerfile/CT_auto_build/CT/x86_64-QNAP-linux-gnu/cross-tools --with-sysroot=/root/toolchain/docker_deploy/dockerfile/CT_auto_build/CT/x86_64-QNAP-linux-gnu/cross-tools/../fs --enable-tls --disable-nls --enable-languages=c,c++ --enable-c99 --enable-__cxa_atexit --enable-shared --enable-long-long --disable-multilib --enable-threads=posix --disable-libgomp --enable-checking=release --build=x86_64-linux-gnu --host=x86_64-linux-gnu --target=x86_64-QNAP-linux-gnu gcc_cv_libc_provides_ssp=yes
Thread model: posix
gcc version 4.9.2 (toolchain config: [gcc-4.9.2 binutils-2.25 glibc-2.21]) 
configure:2888: $? = 0
configure:2877: x86_64-QNAP-linux-gnu-gcc -V >&5
x86_64-QNAP-linux-gnu-gcc: error: unrecognized command line option '-V'
x86_64-QNAP-linux-gnu-gcc: fatal error: no input files
compilation terminated.
configure:2888: $? = 1
configure:2877: x86_64-QNAP-linux-gnu-gcc -qversion >&5
x86_64-QNAP-linux-gnu-gcc: error: unrecognized command line option '-qversion'
x86_64-QNAP-linux-gnu-gcc: fatal error: no input files
compilation terminated.
configure:2888: $? = 1
configure:2908: checking whether the C compiler works
configure:2930: x86_64-QNAP-linux-gnu-gcc    conftest.c  >&5
configure:2934: $? = 0
configure:2982: result: yes
configure:2985: checking for C compiler default output file name
configure:2987: result: a.out
configure:2993: checking for suffix of executables
configure:3000: x86_64-QNAP-linux-gnu-gcc -o conftest    conftest.c  >&5
configure:3004: $? = 0
configure:3026: result: 
configure:3048: checking whether we are cross compiling
configure:3086: result: yes
configure:3091: checking for suffix of object files
configure:3113: x86_64-QNAP-linux-gnu-gcc -c   conftest.c >&5
configure:3117: $? = 0
configure:3138: result: o
configure:3142: checking whether we are using the GNU C compiler
configure:3161: x86_64-QNAP-linux-gnu-gcc -c   conftest.c >&5
configure:3161: $? = 0
configure:3170: result: yes
configure:3179: checking whether x86_64-QNAP-linux-gnu-gcc accepts -g
configure:3199: x86_64-QNAP-linux-gnu-gcc -c -g  conftest.c >&5
configure:3199: $? = 0
configure:3240: result: yes
configure:3257: checking for x86_64-QNAP-linux-gnu-gcc option to accept ISO C89
configure:3320: x86_64-QNAP-linux-gnu-gcc  -c -g -O2  conftest.c >&5
configure:3320: $? = 0
configure:3333: result: none needed
configure:3353: checking for a sed that does not truncate output
configure:3417: result: /bin/sed
configure:3435: checking for grep that handles long lines and -e
configure:3493: result: /bin/grep
configure:3498: checking for egrep
configure:3560: result: /bin/grep -E
configure:3565: checking for fgrep
configure:3627: result: /bin/grep -F
configure:3662: checking for ld used by x86_64-QNAP-linux-gnu-gcc
configure:3729: result: /root/CT/x86_64-QNAP-linux-gnu/cross-tools/x86_64-QNAP-linux-gnu/bin/ld
configure:3736: checking if the linker (/root/CT/x86_64-QNAP-linux-gnu/cross-tools/x86_64-QNAP-linux-gnu/bin/ld) is GNU ld
configure:3751: result: yes
configure:3763: checking for BSD- or MS-compatible name lister (nm)
configure:3812: result: /root/CT/x86_64-QNAP-linux-gnu/cross-tools/bin/x86_64-QNAP-linux-gnu-nm -B
configure:3930: checking the name lister (/root/CT/x86_64-QNAP-linux-gnu/cross-tools/bin/x86_64-QNAP-linux-gnu-nm -B) interface
configure:3937: x86_64-QNAP-linux-gnu-gcc -c -g -O2  conftest.c >&5
configure:3940: /root/CT/x86_64-QNAP-linux-gnu/cross-tools/bin/x86_64-QNAP-linux-gnu-nm -B "conftest.o"
configure:3943: output
0000000000000000 B some_variable
configure:3950: result: BSD nm
configure:3953: checking whether ln -s works
configure:3957: result: yes
configure:3965: checking the maximum length of command line arguments
configure:4085: result: 1572864
configure:4102: checking whether the shell understands some XSI constructs
configure:4112: result: yes
configure:4116: checking whether the shell understands "+="
configure:4122: result: yes
configure:4157: checking for /root/CT/x86_64-QNAP-linux-gnu/cross-tools/x86_64-QNAP-linux-gnu/bin/ld option to reload object files
configure:4164: result: -r
configure:4193: checking for x86_64-QNAP-linux-gnu-objdump
configure:4209: found /root/CT/x86_64-QNAP-linux-gnu/cross-tools/bin/x86_64-QNAP-linux-gnu-objdump
configure:4220: result: x86_64-QNAP-linux-gnu-objdump
configure:4292: checking how to recognize dependent libraries
configure:4488: result: pass_all
configure:4508: checking for x86_64-QNAP-linux-gnu-ar
configure:4524: found /root/CT/x86_64-QNAP-linux-gnu/cross-tools/bin/x86_64-QNAP-linux-gnu-ar
configure:4535: result: x86_64-QNAP-linux-gnu-ar
configure:4613: checking for x86_64-QNAP-linux-gnu-strip
configure:4629: found /root/CT/x86_64-QNAP-linux-gnu/cross-tools/bin/x86_64-QNAP-linux-gnu-strip
configure:4640: result: x86_64-QNAP-linux-gnu-strip
configure:4712: checking for x86_64-QNAP-linux-gnu-ranlib
configure:4728: found /root/CT/x86_64-QNAP-linux-gnu/cross-tools/bin/x86_64-QNAP-linux-gnu-ranlib
configure:4739: result: x86_64-QNAP-linux-gnu-ranlib
configure:4869: checking command to parse /root/CT/x86_64-QNAP-linux-gnu/cross-tools/bin/x86_64-QNAP-linux-gnu-nm -B output from x86_64-QNAP-linux-gnu-gcc object
configure:4987: x86_64-QNAP-linux-gnu-gcc -c -g -O2  conftest.c >&5
configure:4990: $? = 0
configure:4994: /root/CT/x86_64-QNAP-linux-gnu/cross-tools/bin/x86_64-QNAP-linux-gnu-nm -B conftest.o \| sed -n -e 's/^.*[	 ]\([ABCDGIRSTW][ABCDGIRSTW]*\)[	 ][	 ]*\([_A-Za-z][_A-Za-z0-9]*\)$/\1 \2 \2/p' \> conftest.nm
configure:4997: $? = 0
configure:5051: x86_64-QNAP-linux-gnu-gcc -o conftest -g -O2   conftest.c conftstm.o >&5
configure:5054: $? = 0
configure:5092: result: ok
configure:5188: x86_64-QNAP-linux-gnu-gcc -c -g -O2  conftest.c >&5
configure:5191: $? = 0
configure:5901: checking how to run the C preprocessor
configure:5932: x86_64-QNAP-linux-gnu-gcc -E  conftest.c
configure:5932: $? = 0
configure:5946: x86_64-QNAP-linux-gnu-gcc -E  conftest.c
conftest.c:9:28: fatal error: ac_nonexistent.h: No such file or directory
 #include <ac_nonexistent.h>
                            ^
compilation terminated.
configure:5946: $? = 1
configure: failed program was:
| /* confdefs.h */
| #define PACKAGE_NAME "sqlite"
| #define PACKAGE_TARNAME "sqlite"
| #define PACKAGE_VERSION "3.26.0"
| #define PACKAGE_STRING "sqlite 3.26.0"
| #define PACKAGE_BUGREPORT ""
| #define PACKAGE_URL ""
| /* end confdefs.h.  */
| #include <ac_nonexistent.h>
configure:5971: result: x86_64-QNAP-linux-gnu-gcc -E
configure:5991: x86_64-QNAP-linux-gnu-gcc -E  conftest.c
configure:5991: $? = 0
configure:6005: x86_64-QNAP-linux-gnu-gcc -E  conftest.c
conftest.c:9:28: fatal error: ac_nonexistent.h: No such file or directory
 #include <ac_nonexistent.h>
                            ^
compilation terminated.
configure:6005: $? = 1
configure: failed program was:
| /* confdefs.h */
| #define PACKAGE_NAME "sqlite"
| #define PACKAGE_TARNAME "sqlite"
| #define PACKAGE_VERSION "3.26.0"
| #define PACKAGE_STRING "sqlite 3.26.0"
| #define PACKAGE_BUGREPORT ""
| #define PACKAGE_URL ""
| /* end confdefs.h.  */
| #include <ac_nonexistent.h>
configure:6034: checking for ANSI C header files
configure:6054: x86_64-QNAP-linux-gnu-gcc -c -g -O2  conftest.c >&5
configure:6054: $? = 0
configure:6138: result: yes
configure:6151: checking for sys/types.h
configure:6151: x86_64-QNAP-linux-gnu-gcc -c -g -O2  conftest.c >&5
configure:6151: $? = 0
configure:6151: result: yes
configure:6151: checking for sys/stat.h
configure:6151: x86_64-QNAP-linux-gnu-gcc -c -g -O2  conftest.c >&5
configure:6151: $? = 0
configure:6151: result: yes
configure:6151: checking for stdlib.h
configure:6151: x86_64-QNAP-linux-gnu-gcc -c -g -O2  conftest.c >&5
configure:6151: $? = 0
configure:6151: result: yes
configure:6151: checking for string.h
configure:6151: x86_64-QNAP-linux-gnu-gcc -c -g -O2  conftest.c >&5
configure:6151: $? = 0
configure:6151: result: yes
configure:6151: checking for memory.h
configure:6151: x86_64-QNAP-linux-gnu-gcc -c -g -O2  conftest.c >&5
configure:6151: $? = 0
configure:6151: result: yes
configure:6151: checking for strings.h
configure:6151: x86_64-QNAP-linux-gnu-gcc -c -g -O2  conftest.c >&5
configure:6151: $? = 0
configure:6151: result: yes
configure:6151: checking for inttypes.h
configure:6151: x86_64-QNAP-linux-gnu-gcc -c -g -O2  conftest.c >&5
configure:6151: $? = 0
configure:6151: result: yes
configure:6151: checking for stdint.h
configure:6151: x86_64-QNAP-linux-gnu-gcc -c -g -O2  conftest.c >&5
configure:6151: $? = 0
configure:6151: result: yes
configure:6151: checking for unistd.h
configure:6151: x86_64-QNAP-linux-gnu-gcc -c -g -O2  conftest.c >&5
configure:6151: $? = 0
configure:6151: result: yes
configure:6165: checking for dlfcn.h
configure:6165: x86_64-QNAP-linux-gnu-gcc -c -g -O2  conftest.c >&5
configure:6165: $? = 0
configure:6165: result: yes
configure:6349: checking for objdir
configure:6364: result: .libs
configure:6656: checking if x86_64-QNAP-linux-gnu-gcc supports -fno-rtti -fno-exceptions
configure:6674: x86_64-QNAP-linux-gnu-gcc -c -g -O2  -fno-rtti -fno-exceptions conftest.c >&5
cc1: warning: command line option '-fno-rtti' is valid for C++/ObjC++ but not for C
configure:6678: $? = 0
configure:6691: result: no
configure:6711: checking for x86_64-QNAP-linux-gnu-gcc option to produce PIC
configure:6983: result: -fPIC -DPIC
configure:6995: checking if x86_64-QNAP-linux-gnu-gcc PIC flag -fPIC -DPIC works
configure:7013: x86_64-QNAP-linux-gnu-gcc -c -g -O2  -fPIC -DPIC -DPIC conftest.c >&5
configure:7017: $? = 0
configure:7030: result: yes
configure:7054: checking if x86_64-QNAP-linux-gnu-gcc static flag -static works
configure:7082: result: yes
configure:7097: checking if x86_64-QNAP-linux-gnu-gcc supports -c -o file.o
configure:7118: x86_64-QNAP-linux-gnu-gcc -c -g -O2  -o out/conftest2.o conftest.c >&5
configure:7122: $? = 0
configure:7144: result: yes
configure:7152: checking if x86_64-QNAP-linux-gnu-gcc supports -c -o file.o
configure:7199: result: yes
configure:7232: checking whether the x86_64-QNAP-linux-gnu-gcc linker (/root/CT/x86_64-QNAP-linux-gnu/cross-tools/x86_64-QNAP-linux-gnu/bin/ld -m elf_x86_64) supports shared libraries
configure:8218: result: yes
configure:8255: checking whether -lc should be explicitly linked in
configure:8260: x86_64-QNAP-linux-gnu-gcc -c -g -O2  conftest.c >&5
configure:8263: $? = 0
configure:8278: x86_64-QNAP-linux-gnu-gcc -shared conftest.o  -v -Wl,-soname -Wl,conftest -o conftest 2\>\&1 \| /bin/grep  -lc  \>/dev/null 2\>\&1
configure:8281: $? = 0
configure:8293: result: no
configure:8457: checking dynamic linker characteristics
configure:8903: x86_64-QNAP-linux-gnu-gcc -o conftest -g -O2   -Wl,-rpath -Wl,/foo conftest.c  >&5
configure:8903: $? = 0
configure:9121: result: GNU/Linux ld.so
configure:9223: checking how to hardcode library paths into programs
configure:9248: result: immediate
configure:9768: checking whether stripping libraries is possible
configure:9773: result: yes
configure:9808: checking if libtool supports shared libraries
configure:9810: result: yes
configure:9813: checking whether to build shared libraries
configure:9834: result: yes
configure:9837: checking whether to build static libraries
configure:9841: result: yes
configure:9890: checking for a BSD-compatible install
configure:9958: result: /usr/bin/install -c
configure:9980: checking for special C compiler options needed for large files
configure:10025: result: no
configure:10031: checking for _FILE_OFFSET_BITS value needed for large files
configure:10056: x86_64-QNAP-linux-gnu-gcc -c -g -O2  conftest.c >&5
configure:10056: $? = 0
configure:10088: result: no
configure:10176: checking for int8_t
configure:10176: x86_64-QNAP-linux-gnu-gcc -c -g -O2  conftest.c >&5
configure:10176: $? = 0
configure:10176: x86_64-QNAP-linux-gnu-gcc -c -g -O2  conftest.c >&5
conftest.c: In function 'main':
conftest.c:57:21: error: expected expression before ')' token
 if (sizeof ((int8_t)))
                     ^
configure:10176: $? = 1
configure: failed program was:
| /* confdefs.h */
| #define PACKAGE_NAME "sqlite"
| #define PACKAGE_TARNAME "sqlite"
| #define PACKAGE_VERSION "3.26.0"
| #define PACKAGE_STRING "sqlite 3.26.0"
| #define PACKAGE_BUGREPORT ""
| #define PACKAGE_URL ""
| #define STDC_HEADERS 1
| #define HAVE_SYS_TYPES_H 1
| #define HAVE_SYS_STAT_H 1
| #define HAVE_STDLIB_H 1
| #define HAVE_STRING_H 1
| #define HAVE_MEMORY_H 1
| #define HAVE_STRINGS_H 1
| #define HAVE_INTTYPES_H 1
| #define HAVE_STDINT_H 1
| #define HAVE_UNISTD_H 1
| #define HAVE_DLFCN_H 1
| #define LT_OBJDIR ".libs/"
| /* end confdefs.h.  */
| #include <stdio.h>
| #ifdef HAVE_SYS_TYPES_H
| # include <sys/types.h>
| #endif
| #ifdef HAVE_SYS_STAT_H
| # include <sys/stat.h>
| #endif
| #ifdef STDC_HEADERS
| # include <stdlib.h>
| # include <stddef.h>
| #else
| # ifdef HAVE_STDLIB_H
| #  include <stdlib.h>
| # endif
| #endif
| #ifdef HAVE_STRING_H
| # if !defined STDC_HEADERS && defined HAVE_MEMORY_H
| #  include <memory.h>
| # endif
| # include <string.h>
| #endif
| #ifdef HAVE_STRINGS_H
| # include <strings.h>
| #endif
| #ifdef HAVE_INTTYPES_H
| # include <inttypes.h>
| #endif
| #ifdef HAVE_STDINT_H
| # include <stdint.h>
| #endif
| #ifdef HAVE_UNISTD_H
| # include <unistd.h>
| #endif
| int
| main ()
| {
| if (sizeof ((int8_t)))
| 	    return 0;
|   ;
|   return 0;
| }
configure:10176: result: yes
configure:10185: checking for int16_t
configure:10185: x86_64-QNAP-linux-gnu-gcc -c -g -O2  conftest.c >&5
configure:10185: $? = 0
configure:10185: x86_64-QNAP-linux-gnu-gcc -c -g -O2  conftest.c >&5
conftest.c: In function 'main':
conftest.c:58:22: error: expected expression before ')' token
 if (sizeof ((int16_t)))
                      ^
configure:10185: $? = 1
configure: failed program was:
| /* confdefs.h */
| #define PACKAGE_NAME "sqlite"
| #define PACKAGE_TARNAME "sqlite"
| #define PACKAGE_VERSION "3.26.0"
| #define PACKAGE_STRING "sqlite 3.26.0"
| #define PACKAGE_BUGREPORT ""
| #define PACKAGE_URL ""
| #define STDC_HEADERS 1
| #define HAVE_SYS_TYPES_H 1
| #define HAVE_SYS_STAT_H 1
| #define HAVE_STDLIB_H 1
| #define HAVE_STRING_H 1
| #define HAVE_MEMORY_H 1
| #define HAVE_STRINGS_H 1
| #define HAVE_INTTYPES_H 1
| #define HAVE_STDINT_H 1
| #define HAVE_UNISTD_H 1
| #define HAVE_DLFCN_H 1
| #define LT_OBJDIR ".libs/"
| #define HAVE_INT8_T 1
| /* end confdefs.h.  */
| #include <stdio.h>
| #ifdef HAVE_SYS_TYPES_H
| # include <sys/types.h>
| #endif
| #ifdef HAVE_SYS_STAT_H
| # include <sys/stat.h>
| #endif
| #ifdef STDC_HEADERS
| # include <stdlib.h>
| # include <stddef.h>
| #else
| # ifdef HAVE_STDLIB_H
| #  include <stdlib.h>
| # endif
| #endif
| #ifdef HAVE_STRING_H
| # if !defined STDC_HEADERS && defined HAVE_MEMORY_H
| #  include <memory.h>
| # endif
| # include <string.h>
| #endif
| #ifdef HAVE_STRINGS_H
| # include <strings.h>
| #endif
| #ifdef HAVE_INTTYPES_H
| # include <inttypes.h>
| #endif
| #ifdef HAVE_STDINT_H
| # include <stdint.h>
| #endif
| #ifdef HAVE_UNISTD_H
| # include <unistd.h>
| #endif
| int
| main ()
| {
| if (sizeof ((int16_t)))
| 	    return 0;
|   ;
|   return 0;
| }
configure:10185: result: yes
configure:10194: checking for int32_t
configure:10194: x86_64-QNAP-linux-gnu-gcc -c -g -O2  conftest.c >&5
configure:10194: $? = 0
configure:10194: x86_64-QNAP-linux-gnu-gcc -c -g -O2  conftest.c >&5
conftest.c: In function 'main':
conftest.c:59:22: error: expected expression before ')' token
 if (sizeof ((int32_t)))
                      ^
configure:10194: $? = 1
configure: failed program was:
| /* confdefs.h */
| #define PACKAGE_NAME "sqlite"
| #define PACKAGE_TARNAME "sqlite"
| #define PACKAGE_VERSION "3.26.0"
| #define PACKAGE_STRING "sqlite 3.26.0"
| #define PACKAGE_BUGREPORT ""
| #define PACKAGE_URL ""
| #define STDC_HEADERS 1
| #define HAVE_SYS_TYPES_H 1
| #define HAVE_SYS_STAT_H 1
| #define HAVE_STDLIB_H 1
| #define HAVE_STRING_H 1
| #define HAVE_MEMORY_H 1
| #define HAVE_STRINGS_H 1
| #define HAVE_INTTYPES_H 1
| #define HAVE_STDINT_H 1
| #define HAVE_UNISTD_H 1
| #define HAVE_DLFCN_H 1
| #define LT_OBJDIR ".libs/"
| #define HAVE_INT8_T 1
| #define HAVE_INT16_T 1
| /* end confdefs.h.  */
| #include <stdio.h>
| #ifdef HAVE_SYS_TYPES_H
| # include <sys/types.h>
| #endif
| #ifdef HAVE_SYS_STAT_H
| # include <sys/stat.h>
| #endif
| #ifdef STDC_HEADERS
| # include <stdlib.h>
| # include <stddef.h>
| #else
| # ifdef HAVE_STDLIB_H
| #  include <stdlib.h>
| # endif
| #endif
| #ifdef HAVE_STRING_H
| # if !defined STDC_HEADERS && defined HAVE_MEMORY_H
| #  include <memory.h>
| # endif
| # include <string.h>
| #endif
| #ifdef HAVE_STRINGS_H
| # include <strings.h>
| #endif
| #ifdef HAVE_INTTYPES_H
| # include <inttypes.h>
| #endif
| #ifdef HAVE_STDINT_H
| # include <stdint.h>
| #endif
| #ifdef HAVE_UNISTD_H
| # include <unistd.h>
| #endif
| int
| main ()
| {
| if (sizeof ((int32_t)))
| 	    return 0;
|   ;
|   return 0;
| }
configure:10194: result: yes
configure:10203: checking for int64_t
configure:10203: x86_64-QNAP-linux-gnu-gcc -c -g -O2  conftest.c >&5
configure:10203: $? = 0
configure:10203: x86_64-QNAP-linux-gnu-gcc -c -g -O2  conftest.c >&5
conftest.c: In function 'main':
conftest.c:60:22: error: expected expression before ')' token
 if (sizeof ((int64_t)))
                      ^
configure:10203: $? = 1
configure: failed program was:
| /* confdefs.h */
| #define PACKAGE_NAME "sqlite"
| #define PACKAGE_TARNAME "sqlite"
| #define PACKAGE_VERSION "3.26.0"
| #define PACKAGE_STRING "sqlite 3.26.0"
| #define PACKAGE_BUGREPORT ""
| #define PACKAGE_URL ""
| #define STDC_HEADERS 1
| #define HAVE_SYS_TYPES_H 1
| #define HAVE_SYS_STAT_H 1
| #define HAVE_STDLIB_H 1
| #define HAVE_STRING_H 1
| #define HAVE_MEMORY_H 1
| #define HAVE_STRINGS_H 1
| #define HAVE_INTTYPES_H 1
| #define HAVE_STDINT_H 1
| #define HAVE_UNISTD_H 1
| #define HAVE_DLFCN_H 1
| #define LT_OBJDIR ".libs/"
| #define HAVE_INT8_T 1
| #define HAVE_INT16_T 1
| #define HAVE_INT32_T 1
| /* end confdefs.h.  */
| #include <stdio.h>
| #ifdef HAVE_SYS_TYPES_H
| # include <sys/types.h>
| #endif
| #ifdef HAVE_SYS_STAT_H
| # include <sys/stat.h>
| #endif
| #ifdef STDC_HEADERS
| # include <stdlib.h>
| # include <stddef.h>
| #else
| # ifdef HAVE_STDLIB_H
| #  include <stdlib.h>
| # endif
| #endif
| #ifdef HAVE_STRING_H
| # if !defined STDC_HEADERS && defined HAVE_MEMORY_H
| #  include <memory.h>
| # endif
| # include <string.h>
| #endif
| #ifdef HAVE_STRINGS_H
| # include <strings.h>
| #endif
| #ifdef HAVE_INTTYPES_H
| # include <inttypes.h>
| #endif
| #ifdef HAVE_STDINT_H
| # include <stdint.h>
| #endif
| #ifdef HAVE_UNISTD_H
| # include <unistd.h>
| #endif
| int
| main ()
| {
| if (sizeof ((int64_t)))
| 	    return 0;
|   ;
|   return 0;
| }
configure:10203: result: yes
configure:10212: checking for intptr_t
configure:10212: x86_64-QNAP-linux-gnu-gcc -c -g -O2  conftest.c >&5
configure:10212: $? = 0
configure:10212: x86_64-QNAP-linux-gnu-gcc -c -g -O2  conftest.c >&5
conftest.c: In function 'main':
conftest.c:61:23: error: expected expression before ')' token
 if (sizeof ((intptr_t)))
                       ^
configure:10212: $? = 1
configure: failed program was:
| /* confdefs.h */
| #define PACKAGE_NAME "sqlite"
| #define PACKAGE_TARNAME "sqlite"
| #define PACKAGE_VERSION "3.26.0"
| #define PACKAGE_STRING "sqlite 3.26.0"
| #define PACKAGE_BUGREPORT ""
| #define PACKAGE_URL ""
| #define STDC_HEADERS 1
| #define HAVE_SYS_TYPES_H 1
| #define HAVE_SYS_STAT_H 1
| #define HAVE_STDLIB_H 1
| #define HAVE_STRING_H 1
| #define HAVE_MEMORY_H 1
| #define HAVE_STRINGS_H 1
| #define HAVE_INTTYPES_H 1
| #define HAVE_STDINT_H 1
| #define HAVE_UNISTD_H 1
| #define HAVE_DLFCN_H 1
| #define LT_OBJDIR ".libs/"
| #define HAVE_INT8_T 1
| #define HAVE_INT16_T 1
| #define HAVE_INT32_T 1
| #define HAVE_INT64_T 1
| /* end confdefs.h.  */
| #include <stdio.h>
| #ifdef HAVE_SYS_TYPES_H
| # include <sys/types.h>
| #endif
| #ifdef HAVE_SYS_STAT_H
| # include <sys/stat.h>
| #endif
| #ifdef STDC_HEADERS
| # include <stdlib.h>
| # include <stddef.h>
| #else
| # ifdef HAVE_STDLIB_H
| #  include <stdlib.h>
| # endif
| #endif
| #ifdef HAVE_STRING_H
| # if !defined STDC_HEADERS && defined HAVE_MEMORY_H
| #  include <memory.h>
| # endif
| # include <string.h>
| #endif
| #ifdef HAVE_STRINGS_H
| # include <strings.h>
| #endif
| #ifdef HAVE_INTTYPES_H
| # include <inttypes.h>
| #endif
| #ifdef HAVE_STDINT_H
| # include <stdint.h>
| #endif
| #ifdef HAVE_UNISTD_H
| # include <unistd.h>
| #endif
| int
| main ()
| {
| if (sizeof ((intptr_t)))
| 	    return 0;
|   ;
|   return 0;
| }
configure:10212: result: yes
configure:10221: checking for uint8_t
configure:10221: x86_64-QNAP-linux-gnu-gcc -c -g -O2  conftest.c >&5
configure:10221: $? = 0
configure:10221: x86_64-QNAP-linux-gnu-gcc -c -g -O2  conftest.c >&5
conftest.c: In function 'main':
conftest.c:62:22: error: expected expression before ')' token
 if (sizeof ((uint8_t)))
                      ^
configure:10221: $? = 1
configure: failed program was:
| /* confdefs.h */
| #define PACKAGE_NAME "sqlite"
| #define PACKAGE_TARNAME "sqlite"
| #define PACKAGE_VERSION "3.26.0"
| #define PACKAGE_STRING "sqlite 3.26.0"
| #define PACKAGE_BUGREPORT ""
| #define PACKAGE_URL ""
| #define STDC_HEADERS 1
| #define HAVE_SYS_TYPES_H 1
| #define HAVE_SYS_STAT_H 1
| #define HAVE_STDLIB_H 1
| #define HAVE_STRING_H 1
| #define HAVE_MEMORY_H 1
| #define HAVE_STRINGS_H 1
| #define HAVE_INTTYPES_H 1
| #define HAVE_STDINT_H 1
| #define HAVE_UNISTD_H 1
| #define HAVE_DLFCN_H 1
| #define LT_OBJDIR ".libs/"
| #define HAVE_INT8_T 1
| #define HAVE_INT16_T 1
| #define HAVE_INT32_T 1
| #define HAVE_INT64_T 1
| #define HAVE_INTPTR_T 1
| /* end confdefs.h.  */
| #include <stdio.h>
| #ifdef HAVE_SYS_TYPES_H
| # include <sys/types.h>
| #endif
| #ifdef HAVE_SYS_STAT_H
| # include <sys/stat.h>
| #endif
| #ifdef STDC_HEADERS
| # include <stdlib.h>
| # include <stddef.h>
| #else
| # ifdef HAVE_STDLIB_H
| #  include <stdlib.h>
| # endif
| #endif
| #ifdef HAVE_STRING_H
| # if !defined STDC_HEADERS && defined HAVE_MEMORY_H
| #  include <memory.h>
| # endif
| # include <string.h>
| #endif
| #ifdef HAVE_STRINGS_H
| # include <strings.h>
| #endif
| #ifdef HAVE_INTTYPES_H
| # include <inttypes.h>
| #endif
| #ifdef HAVE_STDINT_H
| # include <stdint.h>
| #endif
| #ifdef HAVE_UNISTD_H
| # include <unistd.h>
| #endif
| int
| main ()
| {
| if (sizeof ((uint8_t)))
| 	    return 0;
|   ;
|   return 0;
| }
configure:10221: result: yes
configure:10230: checking for uint16_t
configure:10230: x86_64-QNAP-linux-gnu-gcc -c -g -O2  conftest.c >&5
configure:10230: $? = 0
configure:10230: x86_64-QNAP-linux-gnu-gcc -c -g -O2  conftest.c >&5
conftest.c: In function 'main':
conftest.c:63:23: error: expected expression before ')' token
 if (sizeof ((uint16_t)))
                       ^
configure:10230: $? = 1
configure: failed program was:
| /* confdefs.h */
| #define PACKAGE_NAME "sqlite"
| #define PACKAGE_TARNAME "sqlite"
| #define PACKAGE_VERSION "3.26.0"
| #define PACKAGE_STRING "sqlite 3.26.0"
| #define PACKAGE_BUGREPORT ""
| #define PACKAGE_URL ""
| #define STDC_HEADERS 1
| #define HAVE_SYS_TYPES_H 1
| #define HAVE_SYS_STAT_H 1
| #define HAVE_STDLIB_H 1
| #define HAVE_STRING_H 1
| #define HAVE_MEMORY_H 1
| #define HAVE_STRINGS_H 1
| #define HAVE_INTTYPES_H 1
| #define HAVE_STDINT_H 1
| #define HAVE_UNISTD_H 1
| #define HAVE_DLFCN_H 1
| #define LT_OBJDIR ".libs/"
| #define HAVE_INT8_T 1
| #define HAVE_INT16_T 1
| #define HAVE_INT32_T 1
| #define HAVE_INT64_T 1
| #define HAVE_INTPTR_T 1
| #define HAVE_UINT8_T 1
| /* end confdefs.h.  */
| #include <stdio.h>
| #ifdef HAVE_SYS_TYPES_H
| # include <sys/types.h>
| #endif
| #ifdef HAVE_SYS_STAT_H
| # include <sys/stat.h>
| #endif
| #ifdef STDC_HEADERS
| # include <stdlib.h>
| # include <stddef.h>
| #else
| # ifdef HAVE_STDLIB_H
| #  include <stdlib.h>
| # endif
| #endif
| #ifdef HAVE_STRING_H
| # if !defined STDC_HEADERS && defined HAVE_MEMORY_H
| #  include <memory.h>
| # endif
| # include <string.h>
| #endif
| #ifdef HAVE_STRINGS_H
| # include <strings.h>
| #endif
| #ifdef HAVE_INTTYPES_H
| # include <inttypes.h>
| #endif
| #ifdef HAVE_STDINT_H
| # include <stdint.h>
| #endif
| #ifdef HAVE_UNISTD_H
| # include <unistd.h>
| #endif
| int
| main ()
| {
| if (sizeof ((uint16_t)))
| 	    return 0;
|   ;
|   return 0;
| }
configure:10230: result: yes
configure:10239: checking for uint32_t
configure:10239: x86_64-QNAP-linux-gnu-gcc -c -g -O2  conftest.c >&5
configure:10239: $? = 0
configure:10239: x86_64-QNAP-linux-gnu-gcc -c -g -O2  conftest.c >&5
conftest.c: In function 'main':
conftest.c:64:23: error: expected expression before ')' token
 if (sizeof ((uint32_t)))
                       ^
configure:10239: $? = 1
configure: failed program was:
| /* confdefs.h */
| #define PACKAGE_NAME "sqlite"
| #define PACKAGE_TARNAME "sqlite"
| #define PACKAGE_VERSION "3.26.0"
| #define PACKAGE_STRING "sqlite 3.26.0"
| #define PACKAGE_BUGREPORT ""
| #define PACKAGE_URL ""
| #define STDC_HEADERS 1
| #define HAVE_SYS_TYPES_H 1
| #define HAVE_SYS_STAT_H 1
| #define HAVE_STDLIB_H 1
| #define HAVE_STRING_H 1
| #define HAVE_MEMORY_H 1
| #define HAVE_STRINGS_H 1
| #define HAVE_INTTYPES_H 1
| #define HAVE_STDINT_H 1
| #define HAVE_UNISTD_H 1
| #define HAVE_DLFCN_H 1
| #define LT_OBJDIR ".libs/"
| #define HAVE_INT8_T 1
| #define HAVE_INT16_T 1
| #define HAVE_INT32_T 1
| #define HAVE_INT64_T 1
| #define HAVE_INTPTR_T 1
| #define HAVE_UINT8_T 1
| #define HAVE_UINT16_T 1
| /* end confdefs.h.  */
| #include <stdio.h>
| #ifdef HAVE_SYS_TYPES_H
| # include <sys/types.h>
| #endif
| #ifdef HAVE_SYS_STAT_H
| # include <sys/stat.h>
| #endif
| #ifdef STDC_HEADERS
| # include <stdlib.h>
| # include <stddef.h>
| #else
| # ifdef HAVE_STDLIB_H
| #  include <stdlib.h>
| # endif
| #endif
| #ifdef HAVE_STRING_H
| # if !defined STDC_HEADERS && defined HAVE_MEMORY_H
| #  include <memory.h>
| # endif
| # include <string.h>
| #endif
| #ifdef HAVE_STRINGS_H
| # include <strings.h>
| #endif
| #ifdef HAVE_INTTYPES_H
| # include <inttypes.h>
| #endif
| #ifdef HAVE_STDINT_H
| # include <stdint.h>
| #endif
| #ifdef HAVE_UNISTD_H
| # include <unistd.h>
| #endif
| int
| main ()
| {
| if (sizeof ((uint32_t)))
| 	    return 0;
|   ;
|   return 0;
| }
configure:10239: result: yes
configure:10248: checking for uint64_t
configure:10248: x86_64-QNAP-linux-gnu-gcc -c -g -O2  conftest.c >&5
configure:10248: $? = 0
configure:10248: x86_64-QNAP-linux-gnu-gcc -c -g -O2  conftest.c >&5
conftest.c: In function 'main':
conftest.c:65:23: error: expected expression before ')' token
 if (sizeof ((uint64_t)))
                       ^
configure:10248: $? = 1
configure: failed program was:
| /* confdefs.h */
| #define PACKAGE_NAME "sqlite"
| #define PACKAGE_TARNAME "sqlite"
| #define PACKAGE_VERSION "3.26.0"
| #define PACKAGE_STRING "sqlite 3.26.0"
| #define PACKAGE_BUGREPORT ""
| #define PACKAGE_URL ""
| #define STDC_HEADERS 1
| #define HAVE_SYS_TYPES_H 1
| #define HAVE_SYS_STAT_H 1
| #define HAVE_STDLIB_H 1
| #define HAVE_STRING_H 1
| #define HAVE_MEMORY_H 1
| #define HAVE_STRINGS_H 1
| #define HAVE_INTTYPES_H 1
| #define HAVE_STDINT_H 1
| #define HAVE_UNISTD_H 1
| #define HAVE_DLFCN_H 1
| #define LT_OBJDIR ".libs/"
| #define HAVE_INT8_T 1
| #define HAVE_INT16_T 1
| #define HAVE_INT32_T 1
| #define HAVE_INT64_T 1
| #define HAVE_INTPTR_T 1
| #define HAVE_UINT8_T 1
| #define HAVE_UINT16_T 1
| #define HAVE_UINT32_T 1
| /* end confdefs.h.  */
| #include <stdio.h>
| #ifdef HAVE_SYS_TYPES_H
| # include <sys/types.h>
| #endif
| #ifdef HAVE_SYS_STAT_H
| # include <sys/stat.h>
| #endif
| #ifdef STDC_HEADERS
| # include <stdlib.h>
| # include <stddef.h>
| #else
| # ifdef HAVE_STDLIB_H
| #  include <stdlib.h>
| # endif
| #endif
| #ifdef HAVE_STRING_H
| # if !defined STDC_HEADERS && defined HAVE_MEMORY_H
| #  include <memory.h>
| # endif
| # include <string.h>
| #endif
| #ifdef HAVE_STRINGS_H
| # include <strings.h>
| #endif
| #ifdef HAVE_INTTYPES_H
| # include <inttypes.h>
| #endif
| #ifdef HAVE_STDINT_H
| # include <stdint.h>
| #endif
| #ifdef HAVE_UNISTD_H
| # include <unistd.h>
| #endif
| int
| main ()
| {
| if (sizeof ((uint64_t)))
| 	    return 0;
|   ;
|   return 0;
| }
configure:10248: result: yes
configure:10257: checking for uintptr_t
configure:10257: x86_64-QNAP-linux-gnu-gcc -c -g -O2  conftest.c >&5
configure:10257: $? = 0
configure:10257: x86_64-QNAP-linux-gnu-gcc -c -g -O2  conftest.c >&5
conftest.c: In function 'main':
conftest.c:66:24: error: expected expression before ')' token
 if (sizeof ((uintptr_t)))
                        ^
configure:10257: $? = 1
configure: failed program was:
| /* confdefs.h */
| #define PACKAGE_NAME "sqlite"
| #define PACKAGE_TARNAME "sqlite"
| #define PACKAGE_VERSION "3.26.0"
| #define PACKAGE_STRING "sqlite 3.26.0"
| #define PACKAGE_BUGREPORT ""
| #define PACKAGE_URL ""
| #define STDC_HEADERS 1
| #define HAVE_SYS_TYPES_H 1
| #define HAVE_SYS_STAT_H 1
| #define HAVE_STDLIB_H 1
| #define HAVE_STRING_H 1
| #define HAVE_MEMORY_H 1
| #define HAVE_STRINGS_H 1
| #define HAVE_INTTYPES_H 1
| #define HAVE_STDINT_H 1
| #define HAVE_UNISTD_H 1
| #define HAVE_DLFCN_H 1
| #define LT_OBJDIR ".libs/"
| #define HAVE_INT8_T 1
| #define HAVE_INT16_T 1
| #define HAVE_INT32_T 1
| #define HAVE_INT64_T 1
| #define HAVE_INTPTR_T 1
| #define HAVE_UINT8_T 1
| #define HAVE_UINT16_T 1
| #define HAVE_UINT32_T 1
| #define HAVE_UINT64_T 1
| /* end confdefs.h.  */
| #include <stdio.h>
| #ifdef HAVE_SYS_TYPES_H
| # include <sys/types.h>
| #endif
| #ifdef HAVE_SYS_STAT_H
| # include <sys/stat.h>
| #endif
| #ifdef STDC_HEADERS
| # include <stdlib.h>
| # include <stddef.h>
| #else
| # ifdef HAVE_STDLIB_H
| #  include <stdlib.h>
| # endif
| #endif
| #ifdef HAVE_STRING_H
| # if !defined STDC_HEADERS && defined HAVE_MEMORY_H
| #  include <memory.h>
| # endif
| # include <string.h>
| #endif
| #ifdef HAVE_STRINGS_H
| # include <strings.h>
| #endif
| #ifdef HAVE_INTTYPES_H
| # include <inttypes.h>
| #endif
| #ifdef HAVE_STDINT_H
| # include <stdint.h>
| #endif
| #ifdef HAVE_UNISTD_H
| # include <unistd.h>
| #endif
| int
| main ()
| {
| if (sizeof ((uintptr_t)))
| 	    return 0;
|   ;
|   return 0;
| }
configure:10257: result: yes
configure:10273: checking for sys/types.h
configure:10273: result: yes
configure:10273: checking for stdlib.h
configure:10273: result: yes
configure:10273: checking for stdint.h
configure:10273: result: yes
configure:10273: checking for inttypes.h
configure:10273: result: yes
configure:10273: checking malloc.h usability
configure:10273: x86_64-QNAP-linux-gnu-gcc -c -g -O2  conftest.c >&5
configure:10273: $? = 0
configure:10273: result: yes
configure:10273: checking malloc.h presence
configure:10273: x86_64-QNAP-linux-gnu-gcc -E  conftest.c
configure:10273: $? = 0
configure:10273: result: yes
configure:10273: checking for malloc.h
configure:10273: result: yes
configure:10290: checking for fdatasync
configure:10290: x86_64-QNAP-linux-gnu-gcc -o conftest -g -O2   conftest.c  >&5
configure:10290: $? = 0
configure:10290: result: yes
configure:10290: checking for gmtime_r
configure:10290: x86_64-QNAP-linux-gnu-gcc -o conftest -g -O2   conftest.c  >&5
configure:10290: $? = 0
configure:10290: result: yes
configure:10290: checking for isnan
configure:10290: x86_64-QNAP-linux-gnu-gcc -o conftest -g -O2   conftest.c  >&5
conftest.c:61:6: warning: conflicting types for built-in function 'isnan'
 char isnan ();
      ^
configure:10290: $? = 0
configure:10290: result: yes
configure:10290: checking for localtime_r
configure:10290: x86_64-QNAP-linux-gnu-gcc -o conftest -g -O2   conftest.c  >&5
configure:10290: $? = 0
configure:10290: result: yes
configure:10290: checking for localtime_s
configure:10290: x86_64-QNAP-linux-gnu-gcc -o conftest -g -O2   conftest.c  >&5
/tmp/ccDg3Qyb.o: In function `main':
/root/daily_build/64_01/4.4.1/DataService/DBMS/sqlite/sqlite-3.4.1/conftest.c:74: undefined reference to `localtime_s'
collect2: error: ld returned 1 exit status
configure:10290: $? = 1
configure: failed program was:
| /* confdefs.h */
| #define PACKAGE_NAME "sqlite"
| #define PACKAGE_TARNAME "sqlite"
| #define PACKAGE_VERSION "3.26.0"
| #define PACKAGE_STRING "sqlite 3.26.0"
| #define PACKAGE_BUGREPORT ""
| #define PACKAGE_URL ""
| #define STDC_HEADERS 1
| #define HAVE_SYS_TYPES_H 1
| #define HAVE_SYS_STAT_H 1
| #define HAVE_STDLIB_H 1
| #define HAVE_STRING_H 1
| #define HAVE_MEMORY_H 1
| #define HAVE_STRINGS_H 1
| #define HAVE_INTTYPES_H 1
| #define HAVE_STDINT_H 1
| #define HAVE_UNISTD_H 1
| #define HAVE_DLFCN_H 1
| #define LT_OBJDIR ".libs/"
| #define HAVE_INT8_T 1
| #define HAVE_INT16_T 1
| #define HAVE_INT32_T 1
| #define HAVE_INT64_T 1
| #define HAVE_INTPTR_T 1
| #define HAVE_UINT8_T 1
| #define HAVE_UINT16_T 1
| #define HAVE_UINT32_T 1
| #define HAVE_UINT64_T 1
| #define HAVE_UINTPTR_T 1
| #define HAVE_SYS_TYPES_H 1
| #define HAVE_STDLIB_H 1
| #define HAVE_STDINT_H 1
| #define HAVE_INTTYPES_H 1
| #define HAVE_MALLOC_H 1
| #define HAVE_FDATASYNC 1
| #define HAVE_GMTIME_R 1
| #define HAVE_ISNAN 1
| #define HAVE_LOCALTIME_R 1
| /* end confdefs.h.  */
| /* Define localtime_s to an innocuous variant, in case <limits.h> declares localtime_s.
|    For example, HP-UX 11i <limits.h> declares gettimeofday.  */
| #define localtime_s innocuous_localtime_s
| 
| /* System header to define __stub macros and hopefully few prototypes,
|     which can conflict with char localtime_s (); below.
|     Prefer <limits.h> to <assert.h> if __STDC__ is defined, since
|     <limits.h> exists even on freestanding compilers.  */
| 
| #ifdef __STDC__
| # include <limits.h>
| #else
| # include <assert.h>
| #endif
| 
| #undef localtime_s
| 
| /* Override any GCC internal prototype to avoid an error.
|    Use char because int might match the return type of a GCC
|    builtin and then its argument prototype would still apply.  */
| #ifdef __cplusplus
| extern "C"
| #endif
| char localtime_s ();
| /* The GNU C library defines this for functions which it implements
|     to always fail with ENOSYS.  Some functions are actually named
|     something starting with __ and the normal name is an alias.  */
| #if defined __stub_localtime_s || defined __stub___localtime_s
| choke me
| #endif
| 
| int
| main ()
| {
| return localtime_s ();
|   ;
|   return 0;
| }
configure:10290: result: no
configure:10290: checking for malloc_usable_size
configure:10290: x86_64-QNAP-linux-gnu-gcc -o conftest -g -O2   conftest.c  >&5
configure:10290: $? = 0
configure:10290: result: yes
configure:10290: checking for strchrnul
configure:10290: x86_64-QNAP-linux-gnu-gcc -o conftest -g -O2   conftest.c  >&5
configure:10290: $? = 0
configure:10290: result: yes
configure:10290: checking for usleep
configure:10290: x86_64-QNAP-linux-gnu-gcc -o conftest -g -O2   conftest.c  >&5
configure:10290: $? = 0
configure:10290: result: yes
configure:10290: checking for utime
configure:10290: x86_64-QNAP-linux-gnu-gcc -o conftest -g -O2   conftest.c  >&5
configure:10290: $? = 0
configure:10290: result: yes
configure:10290: checking for pread
configure:10290: x86_64-QNAP-linux-gnu-gcc -o conftest -g -O2   conftest.c  >&5
configure:10290: $? = 0
configure:10290: result: yes
configure:10290: checking for pread64
configure:10290: x86_64-QNAP-linux-gnu-gcc -o conftest -g -O2   conftest.c  >&5
configure:10290: $? = 0
configure:10290: result: yes
configure:10290: checking for pwrite
configure:10290: x86_64-QNAP-linux-gnu-gcc -o conftest -g -O2   conftest.c  >&5
configure:10290: $? = 0
configure:10290: result: yes
configure:10290: checking for pwrite64
configure:10290: x86_64-QNAP-linux-gnu-gcc -o conftest -g -O2   conftest.c  >&5
configure:10290: $? = 0
configure:10290: result: yes
configure:10314: checking for tclsh8.7
configure:10344: result: no
configure:10314: checking for tclsh8.6
configure:10330: found /usr/bin/tclsh8.6
configure:10341: result: tclsh8.6
configure:10382: Version set to 3.26
configure:10386: Release set to 3.26.0
configure:10392: Version number set to 3026000
configure:10409: checking for gcc
configure:10425: found /usr/bin/gcc
configure:10436: result: gcc
configure:10462: checking whether to support threadsafe operation
configure:10470: result: yes
configure:10476: checking for library containing pthread_create
configure:10507: x86_64-QNAP-linux-gnu-gcc -o conftest -g -O2   conftest.c  >&5
/tmp/ccLVp32f.o: In function `main':
/root/daily_build/64_01/4.4.1/DataService/DBMS/sqlite/sqlite-3.4.1/conftest.c:59: undefined reference to `pthread_create'
collect2: error: ld returned 1 exit status
configure:10507: $? = 1
configure: failed program was:
| /* confdefs.h */
| #define PACKAGE_NAME "sqlite"
| #define PACKAGE_TARNAME "sqlite"
| #define PACKAGE_VERSION "3.26.0"
| #define PACKAGE_STRING "sqlite 3.26.0"
| #define PACKAGE_BUGREPORT ""
| #define PACKAGE_URL ""
| #define STDC_HEADERS 1
| #define HAVE_SYS_TYPES_H 1
| #define HAVE_SYS_STAT_H 1
| #define HAVE_STDLIB_H 1
| #define HAVE_STRING_H 1
| #define HAVE_MEMORY_H 1
| #define HAVE_STRINGS_H 1
| #define HAVE_INTTYPES_H 1
| #define HAVE_STDINT_H 1
| #define HAVE_UNISTD_H 1
| #define HAVE_DLFCN_H 1
| #define LT_OBJDIR ".libs/"
| #define HAVE_INT8_T 1
| #define HAVE_INT16_T 1
| #define HAVE_INT32_T 1
| #define HAVE_INT64_T 1
| #define HAVE_INTPTR_T 1
| #define HAVE_UINT8_T 1
| #define HAVE_UINT16_T 1
| #define HAVE_UINT32_T 1
| #define HAVE_UINT64_T 1
| #define HAVE_UINTPTR_T 1
| #define HAVE_SYS_TYPES_H 1
| #define HAVE_STDLIB_H 1
| #define HAVE_STDINT_H 1
| #define HAVE_INTTYPES_H 1
| #define HAVE_MALLOC_H 1
| #define HAVE_FDATASYNC 1
| #define HAVE_GMTIME_R 1
| #define HAVE_ISNAN 1
| #define HAVE_LOCALTIME_R 1
| #define HAVE_MALLOC_USABLE_SIZE 1
| #define HAVE_STRCHRNUL 1
| #define HAVE_USLEEP 1
| #define HAVE_UTIME 1
| #define HAVE_PREAD 1
| #define HAVE_PREAD64 1
| #define HAVE_PWRITE 1
| #define HAVE_PWRITE64 1
| /* end confdefs.h.  */
| 
| /* Override any GCC internal prototype to avoid an error.
|    Use char because int might match the return type of a GCC
|    builtin and then its argument prototype would still apply.  */
| #ifdef __cplusplus
| extern "C"
| #endif
| char pthread_create ();
| int
| main ()
| {
| return pthread_create ();
|   ;
|   return 0;
| }
configure:10507: x86_64-QNAP-linux-gnu-gcc -o conftest -g -O2   conftest.c -lpthread   >&5
configure:10507: $? = 0
configure:10524: result: -lpthread
configure:10532: checking for library containing pthread_mutexattr_init
configure:10563: x86_64-QNAP-linux-gnu-gcc -o conftest -g -O2   conftest.c -lpthread  >&5
configure:10563: $? = 0
configure:10580: result: none required
configure:10600: checking whether to support shared library linked as release mode or not
configure:10604: result: no
configure:10623: checking whether to use an in-ram database for temporary tables
configure:10633: result: no
configure:10660: checking if executables have the .exe suffix
configure:10667: result: unknown
configure:10937: checking for library containing readline
configure:10968: x86_64-QNAP-linux-gnu-gcc -o conftest -g -O2 -DSQLITE_OS_UNIX=1   conftest.c  >&5
/tmp/ccQLuUhy.o: In function `main':
/root/daily_build/64_01/4.4.1/DataService/DBMS/sqlite/sqlite-3.4.1/conftest.c:59: undefined reference to `readline'
collect2: error: ld returned 1 exit status
configure:10968: $? = 1
configure: failed program was:
| /* confdefs.h */
| #define PACKAGE_NAME "sqlite"
| #define PACKAGE_TARNAME "sqlite"
| #define PACKAGE_VERSION "3.26.0"
| #define PACKAGE_STRING "sqlite 3.26.0"
| #define PACKAGE_BUGREPORT ""
| #define PACKAGE_URL ""
| #define STDC_HEADERS 1
| #define HAVE_SYS_TYPES_H 1
| #define HAVE_SYS_STAT_H 1
| #define HAVE_STDLIB_H 1
| #define HAVE_STRING_H 1
| #define HAVE_MEMORY_H 1
| #define HAVE_STRINGS_H 1
| #define HAVE_INTTYPES_H 1
| #define HAVE_STDINT_H 1
| #define HAVE_UNISTD_H 1
| #define HAVE_DLFCN_H 1
| #define LT_OBJDIR ".libs/"
| #define HAVE_INT8_T 1
| #define HAVE_INT16_T 1
| #define HAVE_INT32_T 1
| #define HAVE_INT64_T 1
| #define HAVE_INTPTR_T 1
| #define HAVE_UINT8_T 1
| #define HAVE_UINT16_T 1
| #define HAVE_UINT32_T 1
| #define HAVE_UINT64_T 1
| #define HAVE_UINTPTR_T 1
| #define HAVE_SYS_TYPES_H 1
| #define HAVE_STDLIB_H 1
| #define HAVE_STDINT_H 1
| #define HAVE_INTTYPES_H 1
| #define HAVE_MALLOC_H 1
| #define HAVE_FDATASYNC 1
| #define HAVE_GMTIME_R 1
| #define HAVE_ISNAN 1
| #define HAVE_LOCALTIME_R 1
| #define HAVE_MALLOC_USABLE_SIZE 1
| #define HAVE_STRCHRNUL 1
| #define HAVE_USLEEP 1
| #define HAVE_UTIME 1
| #define HAVE_PREAD 1
| #define HAVE_PREAD64 1
| #define HAVE_PWRITE 1
| #define HAVE_PWRITE64 1
| /* end confdefs.h.  */
| 
| /* Override any GCC internal prototype to avoid an error.
|    Use char because int might match the return type of a GCC
|    builtin and then its argument prototype would still apply.  */
| #ifdef __cplusplus
| extern "C"
| #endif
| char readline ();
| int
| main ()
| {
| return readline ();
|   ;
|   return 0;
| }
configure:10968: x86_64-QNAP-linux-gnu-gcc -o conftest -g -O2 -DSQLITE_OS_UNIX=1   conftest.c -ledit   >&5
/root/CT/x86_64-QNAP-linux-gnu/cross-tools/bin/../lib/gcc/x86_64-QNAP-linux-gnu/4.9.2/../../../../x86_64-QNAP-linux-gnu/bin/ld: cannot find -ledit
collect2: error: ld returned 1 exit status
configure:10968: $? = 1
configure: failed program was:
| /* confdefs.h */
| #define PACKAGE_NAME "sqlite"
| #define PACKAGE_TARNAME "sqlite"
| #define PACKAGE_VERSION "3.26.0"
| #define PACKAGE_STRING "sqlite 3.26.0"
| #define PACKAGE_BUGREPORT ""
| #define PACKAGE_URL ""
| #define STDC_HEADERS 1
| #define HAVE_SYS_TYPES_H 1
| #define HAVE_SYS_STAT_H 1
| #define HAVE_STDLIB_H 1
| #define HAVE_STRING_H 1
| #define HAVE_MEMORY_H 1
| #define HAVE_STRINGS_H 1
| #define HAVE_INTTYPES_H 1
| #define HAVE_STDINT_H 1
| #define HAVE_UNISTD_H 1
| #define HAVE_DLFCN_H 1
| #define LT_OBJDIR ".libs/"
| #define HAVE_INT8_T 1
| #define HAVE_INT16_T 1
| #define HAVE_INT32_T 1
| #define HAVE_INT64_T 1
| #define HAVE_INTPTR_T 1
| #define HAVE_UINT8_T 1
| #define HAVE_UINT16_T 1
| #define HAVE_UINT32_T 1
| #define HAVE_UINT64_T 1
| #define HAVE_UINTPTR_T 1
| #define HAVE_SYS_TYPES_H 1
| #define HAVE_STDLIB_H 1
| #define HAVE_STDINT_H 1
| #define HAVE_INTTYPES_H 1
| #define HAVE_MALLOC_H 1
| #define HAVE_FDATASYNC 1
| #define HAVE_GMTIME_R 1
| #define HAVE_ISNAN 1
| #define HAVE_LOCALTIME_R 1
| #define HAVE_MALLOC_USABLE_SIZE 1
| #define HAVE_STRCHRNUL 1
| #define HAVE_USLEEP 1
| #define HAVE_UTIME 1
| #define HAVE_PREAD 1
| #define HAVE_PREAD64 1
| #define HAVE_PWRITE 1
| #define HAVE_PWRITE64 1
| /* end confdefs.h.  */
| 
| /* Override any GCC internal prototype to avoid an error.
|    Use char because int might match the return type of a GCC
|    builtin and then its argument prototype would still apply.  */
| #ifdef __cplusplus
| extern "C"
| #endif
| char readline ();
| int
| main ()
| {
| return readline ();
|   ;
|   return 0;
| }
configure:10985: result: no
configure:11012: checking for library containing tgetent
configure:11043: x86_64-QNAP-linux-gnu-gcc -o conftest -g -O2 -DSQLITE_OS_UNIX=1   conftest.c  >&5
/tmp/cc8KeLbR.o: In function `main':
/root/daily_build/64_01/4.4.1/DataService/DBMS/sqlite/sqlite-3.4.1/conftest.c:59: undefined reference to `tgetent'
collect2: error: ld returned 1 exit status
configure:11043: $? = 1
configure: failed program was:
| /* confdefs.h */
| #define PACKAGE_NAME "sqlite"
| #define PACKAGE_TARNAME "sqlite"
| #define PACKAGE_VERSION "3.26.0"
| #define PACKAGE_STRING "sqlite 3.26.0"
| #define PACKAGE_BUGREPORT ""
| #define PACKAGE_URL ""
| #define STDC_HEADERS 1
| #define HAVE_SYS_TYPES_H 1
| #define HAVE_SYS_STAT_H 1
| #define HAVE_STDLIB_H 1
| #define HAVE_STRING_H 1
| #define HAVE_MEMORY_H 1
| #define HAVE_STRINGS_H 1
| #define HAVE_INTTYPES_H 1
| #define HAVE_STDINT_H 1
| #define HAVE_UNISTD_H 1
| #define HAVE_DLFCN_H 1
| #define LT_OBJDIR ".libs/"
| #define HAVE_INT8_T 1
| #define HAVE_INT16_T 1
| #define HAVE_INT32_T 1
| #define HAVE_INT64_T 1
| #define HAVE_INTPTR_T 1
| #define HAVE_UINT8_T 1
| #define HAVE_UINT16_T 1
| #define HAVE_UINT32_T 1
| #define HAVE_UINT64_T 1
| #define HAVE_UINTPTR_T 1
| #define HAVE_SYS_TYPES_H 1
| #define HAVE_STDLIB_H 1
| #define HAVE_STDINT_H 1
| #define HAVE_INTTYPES_H 1
| #define HAVE_MALLOC_H 1
| #define HAVE_FDATASYNC 1
| #define HAVE_GMTIME_R 1
| #define HAVE_ISNAN 1
| #define HAVE_LOCALTIME_R 1
| #define HAVE_MALLOC_USABLE_SIZE 1
| #define HAVE_STRCHRNUL 1
| #define HAVE_USLEEP 1
| #define HAVE_UTIME 1
| #define HAVE_PREAD 1
| #define HAVE_PREAD64 1
| #define HAVE_PWRITE 1
| #define HAVE_PWRITE64 1
| /* end confdefs.h.  */
| 
| /* Override any GCC internal prototype to avoid an error.
|    Use char because int might match the return type of a GCC
|    builtin and then its argument prototype would still apply.  */
| #ifdef __cplusplus
| extern "C"
| #endif
| char tgetent ();
| int
| main ()
| {
| return tgetent ();
|   ;
|   return 0;
| }
configure:11043: x86_64-QNAP-linux-gnu-gcc -o conftest -g -O2 -DSQLITE_OS_UNIX=1   conftest.c -lreadline   >&5
/root/CT/x86_64-QNAP-linux-gnu/cross-tools/bin/../lib/gcc/x86_64-QNAP-linux-gnu/4.9.2/../../../../x86_64-QNAP-linux-gnu/bin/ld: cannot find -lreadline
collect2: error: ld returned 1 exit status
configure:11043: $? = 1
configure: failed program was:
| /* confdefs.h */
| #define PACKAGE_NAME "sqlite"
| #define PACKAGE_TARNAME "sqlite"
| #define PACKAGE_VERSION "3.26.0"
| #define PACKAGE_STRING "sqlite 3.26.0"
| #define PACKAGE_BUGREPORT ""
| #define PACKAGE_URL ""
| #define STDC_HEADERS 1
| #define HAVE_SYS_TYPES_H 1
| #define HAVE_SYS_STAT_H 1
| #define HAVE_STDLIB_H 1
| #define HAVE_STRING_H 1
| #define HAVE_MEMORY_H 1
| #define HAVE_STRINGS_H 1
| #define HAVE_INTTYPES_H 1
| #define HAVE_STDINT_H 1
| #define HAVE_UNISTD_H 1
| #define HAVE_DLFCN_H 1
| #define LT_OBJDIR ".libs/"
| #define HAVE_INT8_T 1
| #define HAVE_INT16_T 1
| #define HAVE_INT32_T 1
| #define HAVE_INT64_T 1
| #define HAVE_INTPTR_T 1
| #define HAVE_UINT8_T 1
| #define HAVE_UINT16_T 1
| #define HAVE_UINT32_T 1
| #define HAVE_UINT64_T 1
| #define HAVE_UINTPTR_T 1
| #define HAVE_SYS_TYPES_H 1
| #define HAVE_STDLIB_H 1
| #define HAVE_STDINT_H 1
| #define HAVE_INTTYPES_H 1
| #define HAVE_MALLOC_H 1
| #define HAVE_FDATASYNC 1
| #define HAVE_GMTIME_R 1
| #define HAVE_ISNAN 1
| #define HAVE_LOCALTIME_R 1
| #define HAVE_MALLOC_USABLE_SIZE 1
| #define HAVE_STRCHRNUL 1
| #define HAVE_USLEEP 1
| #define HAVE_UTIME 1
| #define HAVE_PREAD 1
| #define HAVE_PREAD64 1
| #define HAVE_PWRITE 1
| #define HAVE_PWRITE64 1
| /* end confdefs.h.  */
| 
| /* Override any GCC internal prototype to avoid an error.
|    Use char because int might match the return type of a GCC
|    builtin and then its argument prototype would still apply.  */
| #ifdef __cplusplus
| extern "C"
| #endif
| char tgetent ();
| int
| main ()
| {
| return tgetent ();
|   ;
|   return 0;
| }
configure:11043: x86_64-QNAP-linux-gnu-gcc -o conftest -g -O2 -DSQLITE_OS_UNIX=1   conftest.c -lncurses   >&5
/root/CT/x86_64-QNAP-linux-gnu/cross-tools/bin/../lib/gcc/x86_64-QNAP-linux-gnu/4.9.2/../../../../x86_64-QNAP-linux-gnu/bin/ld: cannot find -lncurses
collect2: error: ld returned 1 exit status
configure:11043: $? = 1
configure: failed program was:
| /* confdefs.h */
| #define PACKAGE_NAME "sqlite"
| #define PACKAGE_TARNAME "sqlite"
| #define PACKAGE_VERSION "3.26.0"
| #define PACKAGE_STRING "sqlite 3.26.0"
| #define PACKAGE_BUGREPORT ""
| #define PACKAGE_URL ""
| #define STDC_HEADERS 1
| #define HAVE_SYS_TYPES_H 1
| #define HAVE_SYS_STAT_H 1
| #define HAVE_STDLIB_H 1
| #define HAVE_STRING_H 1
| #define HAVE_MEMORY_H 1
| #define HAVE_STRINGS_H 1
| #define HAVE_INTTYPES_H 1
| #define HAVE_STDINT_H 1
| #define HAVE_UNISTD_H 1
| #define HAVE_DLFCN_H 1
| #define LT_OBJDIR ".libs/"
| #define HAVE_INT8_T 1
| #define HAVE_INT16_T 1
| #define HAVE_INT32_T 1
| #define HAVE_INT64_T 1
| #define HAVE_INTPTR_T 1
| #define HAVE_UINT8_T 1
| #define HAVE_UINT16_T 1
| #define HAVE_UINT32_T 1
| #define HAVE_UINT64_T 1
| #define HAVE_UINTPTR_T 1
| #define HAVE_SYS_TYPES_H 1
| #define HAVE_STDLIB_H 1
| #define HAVE_STDINT_H 1
| #define HAVE_INTTYPES_H 1
| #define HAVE_MALLOC_H 1
| #define HAVE_FDATASYNC 1
| #define HAVE_GMTIME_R 1
| #define HAVE_ISNAN 1
| #define HAVE_LOCALTIME_R 1
| #define HAVE_MALLOC_USABLE_SIZE 1
| #define HAVE_STRCHRNUL 1
| #define HAVE_USLEEP 1
| #define HAVE_UTIME 1
| #define HAVE_PREAD 1
| #define HAVE_PREAD64 1
| #define HAVE_PWRITE 1
| #define HAVE_PWRITE64 1
| /* end confdefs.h.  */
| 
| /* Override any GCC internal prototype to avoid an error.
|    Use char because int might match the return type of a GCC
|    builtin and then its argument prototype would still apply.  */
| #ifdef __cplusplus
| extern "C"
| #endif
| char tgetent ();
| int
| main ()
| {
| return tgetent ();
|   ;
|   return 0;
| }
configure:11043: x86_64-QNAP-linux-gnu-gcc -o conftest -g -O2 -DSQLITE_OS_UNIX=1   conftest.c -lcurses   >&5
/root/CT/x86_64-QNAP-linux-gnu/cross-tools/bin/../lib/gcc/x86_64-QNAP-linux-gnu/4.9.2/../../../../x86_64-QNAP-linux-gnu/bin/ld: cannot find -lcurses
collect2: error: ld returned 1 exit status
configure:11043: $? = 1
configure: failed program was:
| /* confdefs.h */
| #define PACKAGE_NAME "sqlite"
| #define PACKAGE_TARNAME "sqlite"
| #define PACKAGE_VERSION "3.26.0"
| #define PACKAGE_STRING "sqlite 3.26.0"
| #define PACKAGE_BUGREPORT ""
| #define PACKAGE_URL ""
| #define STDC_HEADERS 1
| #define HAVE_SYS_TYPES_H 1
| #define HAVE_SYS_STAT_H 1
| #define HAVE_STDLIB_H 1
| #define HAVE_STRING_H 1
| #define HAVE_MEMORY_H 1
| #define HAVE_STRINGS_H 1
| #define HAVE_INTTYPES_H 1
| #define HAVE_STDINT_H 1
| #define HAVE_UNISTD_H 1
| #define HAVE_DLFCN_H 1
| #define LT_OBJDIR ".libs/"
| #define HAVE_INT8_T 1
| #define HAVE_INT16_T 1
| #define HAVE_INT32_T 1
| #define HAVE_INT64_T 1
| #define HAVE_INTPTR_T 1
| #define HAVE_UINT8_T 1
| #define HAVE_UINT16_T 1
| #define HAVE_UINT32_T 1
| #define HAVE_UINT64_T 1
| #define HAVE_UINTPTR_T 1
| #define HAVE_SYS_TYPES_H 1
| #define HAVE_STDLIB_H 1
| #define HAVE_STDINT_H 1
| #define HAVE_INTTYPES_H 1
| #define HAVE_MALLOC_H 1
| #define HAVE_FDATASYNC 1
| #define HAVE_GMTIME_R 1
| #define HAVE_ISNAN 1
| #define HAVE_LOCALTIME_R 1
| #define HAVE_MALLOC_USABLE_SIZE 1
| #define HAVE_STRCHRNUL 1
| #define HAVE_USLEEP 1
| #define HAVE_UTIME 1
| #define HAVE_PREAD 1
| #define HAVE_PREAD64 1
| #define HAVE_PWRITE 1
| #define HAVE_PWRITE64 1
| /* end confdefs.h.  */
| 
| /* Override any GCC internal prototype to avoid an error.
|    Use char because int might match the return type of a GCC
|    builtin and then its argument prototype would still apply.  */
| #ifdef __cplusplus
| extern "C"
| #endif
| char tgetent ();
| int
| main ()
| {
| return tgetent ();
|   ;
|   return 0;
| }
configure:11043: x86_64-QNAP-linux-gnu-gcc -o conftest -g -O2 -DSQLITE_OS_UNIX=1   conftest.c -ltermcap   >&5
/root/CT/x86_64-QNAP-linux-gnu/cross-tools/bin/../lib/gcc/x86_64-QNAP-linux-gnu/4.9.2/../../../../x86_64-QNAP-linux-gnu/bin/ld: cannot find -ltermcap
collect2: error: ld returned 1 exit status
configure:11043: $? = 1
configure: failed program was:
| /* confdefs.h */
| #define PACKAGE_NAME "sqlite"
| #define PACKAGE_TARNAME "sqlite"
| #define PACKAGE_VERSION "3.26.0"
| #define PACKAGE_STRING "sqlite 3.26.0"
| #define PACKAGE_BUGREPORT ""
| #define PACKAGE_URL ""
| #define STDC_HEADERS 1
| #define HAVE_SYS_TYPES_H 1
| #define HAVE_SYS_STAT_H 1
| #define HAVE_STDLIB_H 1
| #define HAVE_STRING_H 1
| #define HAVE_MEMORY_H 1
| #define HAVE_STRINGS_H 1
| #define HAVE_INTTYPES_H 1
| #define HAVE_STDINT_H 1
| #define HAVE_UNISTD_H 1
| #define HAVE_DLFCN_H 1
| #define LT_OBJDIR ".libs/"
| #define HAVE_INT8_T 1
| #define HAVE_INT16_T 1
| #define HAVE_INT32_T 1
| #define HAVE_INT64_T 1
| #define HAVE_INTPTR_T 1
| #define HAVE_UINT8_T 1
| #define HAVE_UINT16_T 1
| #define HAVE_UINT32_T 1
| #define HAVE_UINT64_T 1
| #define HAVE_UINTPTR_T 1
| #define HAVE_SYS_TYPES_H 1
| #define HAVE_STDLIB_H 1
| #define HAVE_STDINT_H 1
| #define HAVE_INTTYPES_H 1
| #define HAVE_MALLOC_H 1
| #define HAVE_FDATASYNC 1
| #define HAVE_GMTIME_R 1
| #define HAVE_ISNAN 1
| #define HAVE_LOCALTIME_R 1
| #define HAVE_MALLOC_USABLE_SIZE 1
| #define HAVE_STRCHRNUL 1
| #define HAVE_USLEEP 1
| #define HAVE_UTIME 1
| #define HAVE_PREAD 1
| #define HAVE_PREAD64 1
| #define HAVE_PWRITE 1
| #define HAVE_PWRITE64 1
| /* end confdefs.h.  */
| 
| /* Override any GCC internal prototype to avoid an error.
|    Use char because int might match the return type of a GCC
|    builtin and then its argument prototype would still apply.  */
| #ifdef __cplusplus
| extern "C"
| #endif
| char tgetent ();
| int
| main ()
| {
| return tgetent ();
|   ;
|   return 0;
| }
configure:11060: result: no
configure:11070: checking for readline in -lreadline
configure:11095: x86_64-QNAP-linux-gnu-gcc -o conftest -g -O2 -DSQLITE_OS_UNIX=1   conftest.c -lreadline   >&5
/root/CT/x86_64-QNAP-linux-gnu/cross-tools/bin/../lib/gcc/x86_64-QNAP-linux-gnu/4.9.2/../../../../x86_64-QNAP-linux-gnu/bin/ld: cannot find -lreadline
collect2: error: ld returned 1 exit status
configure:11095: $? = 1
configure: failed program was:
| /* confdefs.h */
| #define PACKAGE_NAME "sqlite"
| #define PACKAGE_TARNAME "sqlite"
| #define PACKAGE_VERSION "3.26.0"
| #define PACKAGE_STRING "sqlite 3.26.0"
| #define PACKAGE_BUGREPORT ""
| #define PACKAGE_URL ""
| #define STDC_HEADERS 1
| #define HAVE_SYS_TYPES_H 1
| #define HAVE_SYS_STAT_H 1
| #define HAVE_STDLIB_H 1
| #define HAVE_STRING_H 1
| #define HAVE_MEMORY_H 1
| #define HAVE_STRINGS_H 1
| #define HAVE_INTTYPES_H 1
| #define HAVE_STDINT_H 1
| #define HAVE_UNISTD_H 1
| #define HAVE_DLFCN_H 1
| #define LT_OBJDIR ".libs/"
| #define HAVE_INT8_T 1
| #define HAVE_INT16_T 1
| #define HAVE_INT32_T 1
| #define HAVE_INT64_T 1
| #define HAVE_INTPTR_T 1
| #define HAVE_UINT8_T 1
| #define HAVE_UINT16_T 1
| #define HAVE_UINT32_T 1
| #define HAVE_UINT64_T 1
| #define HAVE_UINTPTR_T 1
| #define HAVE_SYS_TYPES_H 1
| #define HAVE_STDLIB_H 1
| #define HAVE_STDINT_H 1
| #define HAVE_INTTYPES_H 1
| #define HAVE_MALLOC_H 1
| #define HAVE_FDATASYNC 1
| #define HAVE_GMTIME_R 1
| #define HAVE_ISNAN 1
| #define HAVE_LOCALTIME_R 1
| #define HAVE_MALLOC_USABLE_SIZE 1
| #define HAVE_STRCHRNUL 1
| #define HAVE_USLEEP 1
| #define HAVE_UTIME 1
| #define HAVE_PREAD 1
| #define HAVE_PREAD64 1
| #define HAVE_PWRITE 1
| #define HAVE_PWRITE64 1
| /* end confdefs.h.  */
| 
| /* Override any GCC internal prototype to avoid an error.
|    Use char because int might match the return type of a GCC
|    builtin and then its argument prototype would still apply.  */
| #ifdef __cplusplus
| extern "C"
| #endif
| char readline ();
| int
| main ()
| {
| return readline ();
|   ;
|   return 0;
| }
configure:11104: result: no
configure:11127: checking readline.h usability
configure:11127: x86_64-QNAP-linux-gnu-gcc -c -g -O2 -DSQLITE_OS_UNIX=1  conftest.c >&5
conftest.c:81:22: fatal error: readline.h: No such file or directory
 #include <readline.h>
                      ^
compilation terminated.
configure:11127: $? = 1
configure: failed program was:
| /* confdefs.h */
| #define PACKAGE_NAME "sqlite"
| #define PACKAGE_TARNAME "sqlite"
| #define PACKAGE_VERSION "3.26.0"
| #define PACKAGE_STRING "sqlite 3.26.0"
| #define PACKAGE_BUGREPORT ""
| #define PACKAGE_URL ""
| #define STDC_HEADERS 1
| #define HAVE_SYS_TYPES_H 1
| #define HAVE_SYS_STAT_H 1
| #define HAVE_STDLIB_H 1
| #define HAVE_STRING_H 1
| #define HAVE_MEMORY_H 1
| #define HAVE_STRINGS_H 1
| #define HAVE_INTTYPES_H 1
| #define HAVE_STDINT_H 1
| #define HAVE_UNISTD_H 1
| #define HAVE_DLFCN_H 1
| #define LT_OBJDIR ".libs/"
| #define HAVE_INT8_T 1
| #define HAVE_INT16_T 1
| #define HAVE_INT32_T 1
| #define HAVE_INT64_T 1
| #define HAVE_INTPTR_T 1
| #define HAVE_UINT8_T 1
| #define HAVE_UINT16_T 1
| #define HAVE_UINT32_T 1
| #define HAVE_UINT64_T 1
| #define HAVE_UINTPTR_T 1
| #define HAVE_SYS_TYPES_H 1
| #define HAVE_STDLIB_H 1
| #define HAVE_STDINT_H 1
| #define HAVE_INTTYPES_H 1
| #define HAVE_MALLOC_H 1
| #define HAVE_FDATASYNC 1
| #define HAVE_GMTIME_R 1
| #define HAVE_ISNAN 1
| #define HAVE_LOCALTIME_R 1
| #define HAVE_MALLOC_USABLE_SIZE 1
| #define HAVE_STRCHRNUL 1
| #define HAVE_USLEEP 1
| #define HAVE_UTIME 1
| #define HAVE_PREAD 1
| #define HAVE_PREAD64 1
| #define HAVE_PWRITE 1
| #define HAVE_PWRITE64 1
| /* end confdefs.h.  */
| #include <stdio.h>
| #ifdef HAVE_SYS_TYPES_H
| # include <sys/types.h>
| #endif
| #ifdef HAVE_SYS_STAT_H
| # include <sys/stat.h>
| #endif
| #ifdef STDC_HEADERS
| # include <stdlib.h>
| # include <stddef.h>
| #else
| # ifdef HAVE_STDLIB_H
| #  include <stdlib.h>
| # endif
| #endif
| #ifdef HAVE_STRING_H
| # if !defined STDC_HEADERS && defined HAVE_MEMORY_H
| #  include <memory.h>
| # endif
| # include <string.h>
| #endif
| #ifdef HAVE_STRINGS_H
| # include <strings.h>
| #endif
| #ifdef HAVE_INTTYPES_H
| # include <inttypes.h>
| #endif
| #ifdef HAVE_STDINT_H
| # include <stdint.h>
| #endif
| #ifdef HAVE_UNISTD_H
| # include <unistd.h>
| #endif
| #include <readline.h>
configure:11127: result: no
configure:11127: checking readline.h presence
configure:11127: x86_64-QNAP-linux-gnu-gcc -E  conftest.c
conftest.c:48:22: fatal error: readline.h: No such file or directory
 #include <readline.h>
                      ^
compilation terminated.
configure:11127: $? = 1
configure: failed program was:
| /* confdefs.h */
| #define PACKAGE_NAME "sqlite"
| #define PACKAGE_TARNAME "sqlite"
| #define PACKAGE_VERSION "3.26.0"
| #define PACKAGE_STRING "sqlite 3.26.0"
| #define PACKAGE_BUGREPORT ""
| #define PACKAGE_URL ""
| #define STDC_HEADERS 1
| #define HAVE_SYS_TYPES_H 1
| #define HAVE_SYS_STAT_H 1
| #define HAVE_STDLIB_H 1
| #define HAVE_STRING_H 1
| #define HAVE_MEMORY_H 1
| #define HAVE_STRINGS_H 1
| #define HAVE_INTTYPES_H 1
| #define HAVE_STDINT_H 1
| #define HAVE_UNISTD_H 1
| #define HAVE_DLFCN_H 1
| #define LT_OBJDIR ".libs/"
| #define HAVE_INT8_T 1
| #define HAVE_INT16_T 1
| #define HAVE_INT32_T 1
| #define HAVE_INT64_T 1
| #define HAVE_INTPTR_T 1
| #define HAVE_UINT8_T 1
| #define HAVE_UINT16_T 1
| #define HAVE_UINT32_T 1
| #define HAVE_UINT64_T 1
| #define HAVE_UINTPTR_T 1
| #define HAVE_SYS_TYPES_H 1
| #define HAVE_STDLIB_H 1
| #define HAVE_STDINT_H 1
| #define HAVE_INTTYPES_H 1
| #define HAVE_MALLOC_H 1
| #define HAVE_FDATASYNC 1
| #define HAVE_GMTIME_R 1
| #define HAVE_ISNAN 1
| #define HAVE_LOCALTIME_R 1
| #define HAVE_MALLOC_USABLE_SIZE 1
| #define HAVE_STRCHRNUL 1
| #define HAVE_USLEEP 1
| #define HAVE_UTIME 1
| #define HAVE_PREAD 1
| #define HAVE_PREAD64 1
| #define HAVE_PWRITE 1
| #define HAVE_PWRITE64 1
| /* end confdefs.h.  */
| #include <readline.h>
configure:11127: result: no
configure:11127: checking for readline.h
configure:11127: result: no
configure:11191: checking for library containing fdatasync
configure:11222: x86_64-QNAP-linux-gnu-gcc -o conftest -g -O2 -DSQLITE_OS_UNIX=1   conftest.c -lpthread  >&5
configure:11222: $? = 0
configure:11239: result: none required
configure:11278: checking zlib.h usability
configure:11278: x86_64-QNAP-linux-gnu-gcc -c -g -O2 -DSQLITE_OS_UNIX=1  conftest.c >&5
conftest.c:81:18: fatal error: zlib.h: No such file or directory
 #include <zlib.h>
                  ^
compilation terminated.
configure:11278: $? = 1
configure: failed program was:
| /* confdefs.h */
| #define PACKAGE_NAME "sqlite"
| #define PACKAGE_TARNAME "sqlite"
| #define PACKAGE_VERSION "3.26.0"
| #define PACKAGE_STRING "sqlite 3.26.0"
| #define PACKAGE_BUGREPORT ""
| #define PACKAGE_URL ""
| #define STDC_HEADERS 1
| #define HAVE_SYS_TYPES_H 1
| #define HAVE_SYS_STAT_H 1
| #define HAVE_STDLIB_H 1
| #define HAVE_STRING_H 1
| #define HAVE_MEMORY_H 1
| #define HAVE_STRINGS_H 1
| #define HAVE_INTTYPES_H 1
| #define HAVE_STDINT_H 1
| #define HAVE_UNISTD_H 1
| #define HAVE_DLFCN_H 1
| #define LT_OBJDIR ".libs/"
| #define HAVE_INT8_T 1
| #define HAVE_INT16_T 1
| #define HAVE_INT32_T 1
| #define HAVE_INT64_T 1
| #define HAVE_INTPTR_T 1
| #define HAVE_UINT8_T 1
| #define HAVE_UINT16_T 1
| #define HAVE_UINT32_T 1
| #define HAVE_UINT64_T 1
| #define HAVE_UINTPTR_T 1
| #define HAVE_SYS_TYPES_H 1
| #define HAVE_STDLIB_H 1
| #define HAVE_STDINT_H 1
| #define HAVE_INTTYPES_H 1
| #define HAVE_MALLOC_H 1
| #define HAVE_FDATASYNC 1
| #define HAVE_GMTIME_R 1
| #define HAVE_ISNAN 1
| #define HAVE_LOCALTIME_R 1
| #define HAVE_MALLOC_USABLE_SIZE 1
| #define HAVE_STRCHRNUL 1
| #define HAVE_USLEEP 1
| #define HAVE_UTIME 1
| #define HAVE_PREAD 1
| #define HAVE_PREAD64 1
| #define HAVE_PWRITE 1
| #define HAVE_PWRITE64 1
| /* end confdefs.h.  */
| #include <stdio.h>
| #ifdef HAVE_SYS_TYPES_H
| # include <sys/types.h>
| #endif
| #ifdef HAVE_SYS_STAT_H
| # include <sys/stat.h>
| #endif
| #ifdef STDC_HEADERS
| # include <stdlib.h>
| # include <stddef.h>
| #else
| # ifdef HAVE_STDLIB_H
| #  include <stdlib.h>
| # endif
| #endif
| #ifdef HAVE_STRING_H
| # if !defined STDC_HEADERS && defined HAVE_MEMORY_H
| #  include <memory.h>
| # endif
| # include <string.h>
| #endif
| #ifdef HAVE_STRINGS_H
| # include <strings.h>
| #endif
| #ifdef HAVE_INTTYPES_H
| # include <inttypes.h>
| #endif
| #ifdef HAVE_STDINT_H
| # include <stdint.h>
| #endif
| #ifdef HAVE_UNISTD_H
| # include <unistd.h>
| #endif
| #include <zlib.h>
configure:11278: result: no
configure:11278: checking zlib.h presence
configure:11278: x86_64-QNAP-linux-gnu-gcc -E  conftest.c
conftest.c:48:18: fatal error: zlib.h: No such file or directory
 #include <zlib.h>
                  ^
compilation terminated.
configure:11278: $? = 1
configure: failed program was:
| /* confdefs.h */
| #define PACKAGE_NAME "sqlite"
| #define PACKAGE_TARNAME "sqlite"
| #define PACKAGE_VERSION "3.26.0"
| #define PACKAGE_STRING "sqlite 3.26.0"
| #define PACKAGE_BUGREPORT ""
| #define PACKAGE_URL ""
| #define STDC_HEADERS 1
| #define HAVE_SYS_TYPES_H 1
| #define HAVE_SYS_STAT_H 1
| #define HAVE_STDLIB_H 1
| #define HAVE_STRING_H 1
| #define HAVE_MEMORY_H 1
| #define HAVE_STRINGS_H 1
| #define HAVE_INTTYPES_H 1
| #define HAVE_STDINT_H 1
| #define HAVE_UNISTD_H 1
| #define HAVE_DLFCN_H 1
| #define LT_OBJDIR ".libs/"
| #define HAVE_INT8_T 1
| #define HAVE_INT16_T 1
| #define HAVE_INT32_T 1
| #define HAVE_INT64_T 1
| #define HAVE_INTPTR_T 1
| #define HAVE_UINT8_T 1
| #define HAVE_UINT16_T 1
| #define HAVE_UINT32_T 1
| #define HAVE_UINT64_T 1
| #define HAVE_UINTPTR_T 1
| #define HAVE_SYS_TYPES_H 1
| #define HAVE_STDLIB_H 1
| #define HAVE_STDINT_H 1
| #define HAVE_INTTYPES_H 1
| #define HAVE_MALLOC_H 1
| #define HAVE_FDATASYNC 1
| #define HAVE_GMTIME_R 1
| #define HAVE_ISNAN 1
| #define HAVE_LOCALTIME_R 1
| #define HAVE_MALLOC_USABLE_SIZE 1
| #define HAVE_STRCHRNUL 1
| #define HAVE_USLEEP 1
| #define HAVE_UTIME 1
| #define HAVE_PREAD 1
| #define HAVE_PREAD64 1
| #define HAVE_PWRITE 1
| #define HAVE_PWRITE64 1
| /* end confdefs.h.  */
| #include <zlib.h>
configure:11278: result: no
configure:11278: checking for zlib.h
configure:11278: result: no
configure:11288: checking for library containing deflate
configure:11319: x86_64-QNAP-linux-gnu-gcc -o conftest -g -O2 -DSQLITE_OS_UNIX=1   conftest.c -lpthread  >&5
/tmp/cca2R3cP.o: In function `main':
/root/daily_build/64_01/4.4.1/DataService/DBMS/sqlite/sqlite-3.4.1/conftest.c:59: undefined reference to `deflate'
collect2: error: ld returned 1 exit status
configure:11319: $? = 1
configure: failed program was:
| /* confdefs.h */
| #define PACKAGE_NAME "sqlite"
| #define PACKAGE_TARNAME "sqlite"
| #define PACKAGE_VERSION "3.26.0"
| #define PACKAGE_STRING "sqlite 3.26.0"
| #define PACKAGE_BUGREPORT ""
| #define PACKAGE_URL ""
| #define STDC_HEADERS 1
| #define HAVE_SYS_TYPES_H 1
| #define HAVE_SYS_STAT_H 1
| #define HAVE_STDLIB_H 1
| #define HAVE_STRING_H 1
| #define HAVE_MEMORY_H 1
| #define HAVE_STRINGS_H 1
| #define HAVE_INTTYPES_H 1
| #define HAVE_STDINT_H 1
| #define HAVE_UNISTD_H 1
| #define HAVE_DLFCN_H 1
| #define LT_OBJDIR ".libs/"
| #define HAVE_INT8_T 1
| #define HAVE_INT16_T 1
| #define HAVE_INT32_T 1
| #define HAVE_INT64_T 1
| #define HAVE_INTPTR_T 1
| #define HAVE_UINT8_T 1
| #define HAVE_UINT16_T 1
| #define HAVE_UINT32_T 1
| #define HAVE_UINT64_T 1
| #define HAVE_UINTPTR_T 1
| #define HAVE_SYS_TYPES_H 1
| #define HAVE_STDLIB_H 1
| #define HAVE_STDINT_H 1
| #define HAVE_INTTYPES_H 1
| #define HAVE_MALLOC_H 1
| #define HAVE_FDATASYNC 1
| #define HAVE_GMTIME_R 1
| #define HAVE_ISNAN 1
| #define HAVE_LOCALTIME_R 1
| #define HAVE_MALLOC_USABLE_SIZE 1
| #define HAVE_STRCHRNUL 1
| #define HAVE_USLEEP 1
| #define HAVE_UTIME 1
| #define HAVE_PREAD 1
| #define HAVE_PREAD64 1
| #define HAVE_PWRITE 1
| #define HAVE_PWRITE64 1
| /* end confdefs.h.  */
| 
| /* Override any GCC internal prototype to avoid an error.
|    Use char because int might match the return type of a GCC
|    builtin and then its argument prototype would still apply.  */
| #ifdef __cplusplus
| extern "C"
| #endif
| char deflate ();
| int
| main ()
| {
| return deflate ();
|   ;
|   return 0;
| }
configure:11319: x86_64-QNAP-linux-gnu-gcc -o conftest -g -O2 -DSQLITE_OS_UNIX=1   conftest.c -lz  -lpthread  >&5
/root/CT/x86_64-QNAP-linux-gnu/cross-tools/bin/../lib/gcc/x86_64-QNAP-linux-gnu/4.9.2/../../../../x86_64-QNAP-linux-gnu/bin/ld: cannot find -lz
collect2: error: ld returned 1 exit status
configure:11319: $? = 1
configure: failed program was:
| /* confdefs.h */
| #define PACKAGE_NAME "sqlite"
| #define PACKAGE_TARNAME "sqlite"
| #define PACKAGE_VERSION "3.26.0"
| #define PACKAGE_STRING "sqlite 3.26.0"
| #define PACKAGE_BUGREPORT ""
| #define PACKAGE_URL ""
| #define STDC_HEADERS 1
| #define HAVE_SYS_TYPES_H 1
| #define HAVE_SYS_STAT_H 1
| #define HAVE_STDLIB_H 1
| #define HAVE_STRING_H 1
| #define HAVE_MEMORY_H 1
| #define HAVE_STRINGS_H 1
| #define HAVE_INTTYPES_H 1
| #define HAVE_STDINT_H 1
| #define HAVE_UNISTD_H 1
| #define HAVE_DLFCN_H 1
| #define LT_OBJDIR ".libs/"
| #define HAVE_INT8_T 1
| #define HAVE_INT16_T 1
| #define HAVE_INT32_T 1
| #define HAVE_INT64_T 1
| #define HAVE_INTPTR_T 1
| #define HAVE_UINT8_T 1
| #define HAVE_UINT16_T 1
| #define HAVE_UINT32_T 1
| #define HAVE_UINT64_T 1
| #define HAVE_UINTPTR_T 1
| #define HAVE_SYS_TYPES_H 1
| #define HAVE_STDLIB_H 1
| #define HAVE_STDINT_H 1
| #define HAVE_INTTYPES_H 1
| #define HAVE_MALLOC_H 1
| #define HAVE_FDATASYNC 1
| #define HAVE_GMTIME_R 1
| #define HAVE_ISNAN 1
| #define HAVE_LOCALTIME_R 1
| #define HAVE_MALLOC_USABLE_SIZE 1
| #define HAVE_STRCHRNUL 1
| #define HAVE_USLEEP 1
| #define HAVE_UTIME 1
| #define HAVE_PREAD 1
| #define HAVE_PREAD64 1
| #define HAVE_PWRITE 1
| #define HAVE_PWRITE64 1
| /* end confdefs.h.  */
| 
| /* Override any GCC internal prototype to avoid an error.
|    Use char because int might match the return type of a GCC
|    builtin and then its argument prototype would still apply.  */
| #ifdef __cplusplus
| extern "C"
| #endif
| char deflate ();
| int
| main ()
| {
| return deflate ();
|   ;
|   return 0;
| }
configure:11336: result: no
configure:11359: checking for library containing dlopen
configure:11390: x86_64-QNAP-linux-gnu-gcc -o conftest -g -O2 -DSQLITE_OS_UNIX=1   conftest.c -lpthread  >&5
/tmp/ccXUM1J1.o: In function `main':
/root/daily_build/64_01/4.4.1/DataService/DBMS/sqlite/sqlite-3.4.1/conftest.c:59: undefined reference to `dlopen'
collect2: error: ld returned 1 exit status
configure:11390: $? = 1
configure: failed program was:
| /* confdefs.h */
| #define PACKAGE_NAME "sqlite"
| #define PACKAGE_TARNAME "sqlite"
| #define PACKAGE_VERSION "3.26.0"
| #define PACKAGE_STRING "sqlite 3.26.0"
| #define PACKAGE_BUGREPORT ""
| #define PACKAGE_URL ""
| #define STDC_HEADERS 1
| #define HAVE_SYS_TYPES_H 1
| #define HAVE_SYS_STAT_H 1
| #define HAVE_STDLIB_H 1
| #define HAVE_STRING_H 1
| #define HAVE_MEMORY_H 1
| #define HAVE_STRINGS_H 1
| #define HAVE_INTTYPES_H 1
| #define HAVE_STDINT_H 1
| #define HAVE_UNISTD_H 1
| #define HAVE_DLFCN_H 1
| #define LT_OBJDIR ".libs/"
| #define HAVE_INT8_T 1
| #define HAVE_INT16_T 1
| #define HAVE_INT32_T 1
| #define HAVE_INT64_T 1
| #define HAVE_INTPTR_T 1
| #define HAVE_UINT8_T 1
| #define HAVE_UINT16_T 1
| #define HAVE_UINT32_T 1
| #define HAVE_UINT64_T 1
| #define HAVE_UINTPTR_T 1
| #define HAVE_SYS_TYPES_H 1
| #define HAVE_STDLIB_H 1
| #define HAVE_STDINT_H 1
| #define HAVE_INTTYPES_H 1
| #define HAVE_MALLOC_H 1
| #define HAVE_FDATASYNC 1
| #define HAVE_GMTIME_R 1
| #define HAVE_ISNAN 1
| #define HAVE_LOCALTIME_R 1
| #define HAVE_MALLOC_USABLE_SIZE 1
| #define HAVE_STRCHRNUL 1
| #define HAVE_USLEEP 1
| #define HAVE_UTIME 1
| #define HAVE_PREAD 1
| #define HAVE_PREAD64 1
| #define HAVE_PWRITE 1
| #define HAVE_PWRITE64 1
| /* end confdefs.h.  */
| 
| /* Override any GCC internal prototype to avoid an error.
|    Use char because int might match the return type of a GCC
|    builtin and then its argument prototype would still apply.  */
| #ifdef __cplusplus
| extern "C"
| #endif
| char dlopen ();
| int
| main ()
| {
| return dlopen ();
|   ;
|   return 0;
| }
configure:11390: x86_64-QNAP-linux-gnu-gcc -o conftest -g -O2 -DSQLITE_OS_UNIX=1   conftest.c -ldl  -lpthread  >&5
configure:11390: $? = 0
configure:11407: result: -ldl
configure:11427: checking whether to support MEMSYS5
configure:11434: result: no
configure:11442: checking whether to support MEMSYS3
configure:11449: result: no
configure:11843: creating ./config.status

## ---------------------- ##
## Running config.status. ##
## ---------------------- ##

This file was extended by sqlite config.status 3.26.0, which was
generated by GNU Autoconf 2.69.  Invocation command line was

  CONFIG_FILES    = 
  CONFIG_HEADERS  = 
  CONFIG_LINKS    = 
  CONFIG_COMMANDS = 
  $ ./config.status 

on U16BuildServer115

config.status:1087: creating Makefile
config.status:1087: creating sqlite3.pc
config.status:1087: creating config.h
config.status:1276: executing libtool commands

## ---------------- ##
## Cache variables. ##
## ---------------- ##

ac_cv_build=x86_64-pc-linux-gnu
ac_cv_c_compiler_gnu=yes
ac_cv_env_CC_set=
ac_cv_env_CC_value=
ac_cv_env_CFLAGS_set=
ac_cv_env_CFLAGS_value=
ac_cv_env_CPPFLAGS_set=
ac_cv_env_CPPFLAGS_value=
ac_cv_env_CPP_set=
ac_cv_env_CPP_value=
ac_cv_env_LDFLAGS_set=
ac_cv_env_LDFLAGS_value=
ac_cv_env_LIBS_set=
ac_cv_env_LIBS_value=
ac_cv_env_TCLLIBDIR_set=
ac_cv_env_TCLLIBDIR_value=
ac_cv_env_build_alias_set=set
ac_cv_env_build_alias_value=x86_64-linux
ac_cv_env_host_alias_set=set
ac_cv_env_host_alias_value=x86_64-QNAP-linux-gnu
ac_cv_env_target_alias_set=
ac_cv_env_target_alias_value=
ac_cv_func_fdatasync=yes
ac_cv_func_gmtime_r=yes
ac_cv_func_isnan=yes
ac_cv_func_localtime_r=yes
ac_cv_func_localtime_s=no
ac_cv_func_malloc_usable_size=yes
ac_cv_func_pread64=yes
ac_cv_func_pread=yes
ac_cv_func_pwrite64=yes
ac_cv_func_pwrite=yes
ac_cv_func_strchrnul=yes
ac_cv_func_usleep=yes
ac_cv_func_utime=yes
ac_cv_header_dlfcn_h=yes
ac_cv_header_inttypes_h=yes
ac_cv_header_malloc_h=yes
ac_cv_header_memory_h=yes
ac_cv_header_readline_h=no
ac_cv_header_stdc=yes
ac_cv_header_stdint_h=yes
ac_cv_header_stdlib_h=yes
ac_cv_header_string_h=yes
ac_cv_header_strings_h=yes
ac_cv_header_sys_stat_h=yes
ac_cv_header_sys_types_h=yes
ac_cv_header_unistd_h=yes
ac_cv_header_zlib_h=no
ac_cv_host=x86_64-QNAP-linux-gnu
ac_cv_lib_readline_readline=no
ac_cv_objext=o
ac_cv_path_EGREP='/bin/grep -E'
ac_cv_path_FGREP='/bin/grep -F'
ac_cv_path_GREP=/bin/grep
ac_cv_path_SED=/bin/sed
ac_cv_path_install='/usr/bin/install -c'
ac_cv_prog_AR=x86_64-QNAP-linux-gnu-ar
ac_cv_prog_BUILD_CC=gcc
ac_cv_prog_CC=x86_64-QNAP-linux-gnu-gcc
ac_cv_prog_CPP='x86_64-QNAP-linux-gnu-gcc -E'
ac_cv_prog_OBJDUMP=x86_64-QNAP-linux-gnu-objdump
ac_cv_prog_RANLIB=x86_64-QNAP-linux-gnu-ranlib
ac_cv_prog_STRIP=x86_64-QNAP-linux-gnu-strip
ac_cv_prog_TCLSH_CMD=tclsh8.6
ac_cv_prog_cc_c89=
ac_cv_prog_cc_g=yes
ac_cv_search_deflate=no
ac_cv_search_dlopen=-ldl
ac_cv_search_fdatasync='none required'
ac_cv_search_pthread_create=-lpthread
ac_cv_search_pthread_mutexattr_init='none required'
ac_cv_search_readline=no
ac_cv_search_tgetent=no
ac_cv_sys_file_offset_bits=no
ac_cv_sys_largefile_CC=no
ac_cv_type_int16_t=yes
ac_cv_type_int32_t=yes
ac_cv_type_int64_t=yes
ac_cv_type_int8_t=yes
ac_cv_type_intptr_t=yes
ac_cv_type_uint16_t=yes
ac_cv_type_uint32_t=yes
ac_cv_type_uint64_t=yes
ac_cv_type_uint8_t=yes
ac_cv_type_uintptr_t=yes
lt_cv_deplibs_check_method=pass_all
lt_cv_file_magic_cmd='$MAGIC_CMD'
lt_cv_file_magic_test_file=
lt_cv_ld_reload_flag=-r
lt_cv_nm_interface='BSD nm'
lt_cv_objdir=.libs
lt_cv_path_LD=/root/CT/x86_64-QNAP-linux-gnu/cross-tools/x86_64-QNAP-linux-gnu/bin/ld
lt_cv_path_NM='/root/CT/x86_64-QNAP-linux-gnu/cross-tools/bin/x86_64-QNAP-linux-gnu-nm -B'
lt_cv_prog_compiler_c_o=yes
lt_cv_prog_compiler_pic_works=yes
lt_cv_prog_compiler_rtti_exceptions=no
lt_cv_prog_compiler_static_works=yes
lt_cv_prog_gnu_ld=yes
lt_cv_sys_global_symbol_pipe='sed -n -e '\''s/^.*[	 ]\([ABCDGIRSTW][ABCDGIRSTW]*\)[	 ][	 ]*\([_A-Za-z][_A-Za-z0-9]*\)$/\1 \2 \2/p'\'''
lt_cv_sys_global_symbol_to_c_name_address='sed -n -e '\''s/^: \([^ ]*\) $/  {\"\1\", (void *) 0},/p'\'' -e '\''s/^[ABCDGIRSTW]* \([^ ]*\) \([^ ]*\)$/  {"\2", (void *) \&\2},/p'\'''
lt_cv_sys_global_symbol_to_c_name_address_lib_prefix='sed -n -e '\''s/^: \([^ ]*\) $/  {\"\1\", (void *) 0},/p'\'' -e '\''s/^[ABCDGIRSTW]* \([^ ]*\) \(lib[^ ]*\)$/  {"\2", (void *) \&\2},/p'\'' -e '\''s/^[ABCDGIRSTW]* \([^ ]*\) \([^ ]*\)$/  {"lib\2", (void *) \&\2},/p'\'''
lt_cv_sys_global_symbol_to_cdecl='sed -n -e '\''s/^T .* \(.*\)$/extern int \1();/p'\'' -e '\''s/^[ABCDGIRSTW]* .* \(.*\)$/extern char \1;/p'\'''
lt_cv_sys_max_cmd_len=1572864

## ----------------- ##
## Output variables. ##
## ----------------- ##

ALLOWRELEASE=''
AR='x86_64-QNAP-linux-gnu-ar'
BUILD_CC='gcc'
BUILD_CFLAGS=' -g'
BUILD_EXEEXT=''
CC='x86_64-QNAP-linux-gnu-gcc'
CFLAGS=' -g -O2 -DSQLITE_OS_UNIX=1'
CPP='x86_64-QNAP-linux-gnu-gcc -E'
CPPFLAGS=''
DEFS='-DHAVE_CONFIG_H'
DSYMUTIL=''
DUMPBIN=''
ECHO_C=''
ECHO_N='-n'
ECHO_T=''
EGREP='/bin/grep -E'
EXEEXT=''
FGREP='/bin/grep -F'
GREP='/bin/grep'
HAVE_TCL=''
HAVE_ZLIB=''
INSTALL_DATA='${INSTALL} -m 644'
INSTALL_PROGRAM='${INSTALL}'
INSTALL_SCRIPT='${INSTALL}'
LD='/root/CT/x86_64-QNAP-linux-gnu/cross-tools/x86_64-QNAP-linux-gnu/bin/ld -m elf_x86_64'
LDFLAGS=''
LIBOBJS=''
LIBS='-ldl -lpthread '
LIBTOOL='$(SHELL) $(top_builddir)/libtool'
LIPO=''
LN_S='ln -s'
LTLIBOBJS=''
NM='/root/CT/x86_64-QNAP-linux-gnu/cross-tools/bin/x86_64-QNAP-linux-gnu-nm -B'
NMEDIT=''
OBJDUMP='x86_64-QNAP-linux-gnu-objdump'
OBJEXT='o'
OPT_FEATURE_FLAGS=''
OTOOL64=''
OTOOL=''
PACKAGE_BUGREPORT=''
PACKAGE_NAME='sqlite'
PACKAGE_STRING='sqlite 3.26.0'
PACKAGE_TARNAME='sqlite'
PACKAGE_URL=''
PACKAGE_VERSION='3.26.0'
PATH_SEPARATOR=':'
RANLIB='x86_64-QNAP-linux-gnu-ranlib'
RELEASE='3.26.0'
SED='/bin/sed'
SHELL='/bin/bash'
SQLITE_OS_UNIX='1'
SQLITE_OS_WIN='0'
SQLITE_THREADSAFE='1'
STRIP='x86_64-QNAP-linux-gnu-strip'
TARGET_DEBUG='-DNDEBUG'
TARGET_EXEEXT=''
TARGET_HAVE_EDITLINE='0'
TARGET_HAVE_READLINE='0'
TARGET_READLINE_INC=''
TARGET_READLINE_LIBS=''
TCLLIBDIR='/usr/share/tcltk/tcl8.6/sqlite3'
TCLSH_CMD='tclsh8.6'
TCL_BIN_DIR=''
TCL_INCLUDE_SPEC=''
TCL_LIB_FILE=''
TCL_LIB_FLAG=''
TCL_LIB_SPEC=''
TCL_SHLIB_SUFFIX=''
TCL_SRC_DIR=''
TCL_STUB_LIB_FILE=''
TCL_STUB_LIB_FLAG=''
TCL_STUB_LIB_SPEC=''
TCL_VERSION=''
TEMP_STORE='1'
USE_AMALGAMATION='1'
USE_GCOV='0'
VERSION='3.26'
VERSION_NUMBER='3026000'
ac_ct_CC=''
ac_ct_DUMPBIN=''
bindir='${exec_prefix}/bin'
build='x86_64-pc-linux-gnu'
build_alias='x86_64-linux'
build_cpu='x86_64'
build_os='linux-gnu'
build_vendor='pc'
datadir='${datarootdir}'
datarootdir='${prefix}/share'
docdir='${datarootdir}/doc/${PACKAGE_TARNAME}'
dvidir='${docdir}'
exec_prefix='${prefix}'
host='x86_64-QNAP-linux-gnu'
host_alias='x86_64-QNAP-linux-gnu'
host_cpu='x86_64'
host_os='linux-gnu'
host_vendor='QNAP'
htmldir='${docdir}'
includedir='${prefix}/include'
infodir='${datarootdir}/info'
libdir='${exec_prefix}/lib'
libexecdir='${exec_prefix}/libexec'
localedir='${datarootdir}/locale'
localstatedir='${prefix}/var'
lt_ECHO='echo'
mandir='${datarootdir}/man'
oldincludedir='/usr/include'
pdfdir='${docdir}'
prefix='/usr/local'
program_prefix=''
program_transform_name='s,x,x,'
psdir='${docdir}'
sbindir='${exec_prefix}/sbin'
sharedstatedir='${prefix}/com'
sysconfdir='${prefix}/etc'
target_alias=''

## ----------- ##
## confdefs.h. ##
## ----------- ##

/* confdefs.h */
#define PACKAGE_NAME "sqlite"
#define PACKAGE_TARNAME "sqlite"
#define PACKAGE_VERSION "3.26.0"
#define PACKAGE_STRING "sqlite 3.26.0"
#define PACKAGE_BUGREPORT ""
#define PACKAGE_URL ""
#define STDC_HEADERS 1
#define HAVE_SYS_TYPES_H 1
#define HAVE_SYS_STAT_H 1
#define HAVE_STDLIB_H 1
#define HAVE_STRING_H 1
#define HAVE_MEMORY_H 1
#define HAVE_STRINGS_H 1
#define HAVE_INTTYPES_H 1
#define HAVE_STDINT_H 1
#define HAVE_UNISTD_H 1
#define HAVE_DLFCN_H 1
#define LT_OBJDIR ".libs/"
#define HAVE_INT8_T 1
#define HAVE_INT16_T 1
#define HAVE_INT32_T 1
#define HAVE_INT64_T 1
#define HAVE_INTPTR_T 1
#define HAVE_UINT8_T 1
#define HAVE_UINT16_T 1
#define HAVE_UINT32_T 1
#define HAVE_UINT64_T 1
#define HAVE_UINTPTR_T 1
#define HAVE_SYS_TYPES_H 1
#define HAVE_STDLIB_H 1
#define HAVE_STDINT_H 1
#define HAVE_INTTYPES_H 1
#define HAVE_MALLOC_H 1
#define HAVE_FDATASYNC 1
#define HAVE_GMTIME_R 1
#define HAVE_ISNAN 1
#define HAVE_LOCALTIME_R 1
#define HAVE_MALLOC_USABLE_SIZE 1
#define HAVE_STRCHRNUL 1
#define HAVE_USLEEP 1
#define HAVE_UTIME 1
#define HAVE_PREAD 1
#define HAVE_PREAD64 1
#define HAVE_PWRITE 1
#define HAVE_PWRITE64 1

configure: exit 0
